{"C:\\Users\\mjiya\\Desktop\\SD3\\groupLab\\2026-group-lab-003\\public\\js\\booking-conflict-checker-testable.js": {"path":"C:\\Users\\mjiya\\Desktop\\SD3\\groupLab\\2026-group-lab-003\\public\\js\\booking-conflict-checker-testable.js","statementMap":{"0":{"start":{"line":3,"column":8},"end":{"line":3,"column":49}},"1":{"start":{"line":16,"column":28},"end":{"line":16,"column":49}},"2":{"start":{"line":17,"column":26},"end":{"line":17,"column":28}},"3":{"start":{"line":19,"column":30},"end":{"line":19,"column":59}},"4":{"start":{"line":20,"column":28},"end":{"line":20,"column":59}},"5":{"start":{"line":22,"column":8},"end":{"line":42,"column":9}},"6":{"start":{"line":24,"column":12},"end":{"line":24,"column":78}},"7":{"start":{"line":24,"column":69},"end":{"line":24,"column":78}},"8":{"start":{"line":27,"column":12},"end":{"line":27,"column":56}},"9":{"start":{"line":27,"column":47},"end":{"line":27,"column":56}},"10":{"start":{"line":30,"column":12},"end":{"line":30,"column":64}},"11":{"start":{"line":30,"column":55},"end":{"line":30,"column":64}},"12":{"start":{"line":33,"column":12},"end":{"line":33,"column":48}},"13":{"start":{"line":33,"column":39},"end":{"line":33,"column":48}},"14":{"start":{"line":36,"column":34},"end":{"line":36,"column":66}},"15":{"start":{"line":37,"column":32},"end":{"line":37,"column":71}},"16":{"start":{"line":39,"column":12},"end":{"line":41,"column":13}},"17":{"start":{"line":40,"column":16},"end":{"line":40,"column":40}},"18":{"start":{"line":44,"column":8},"end":{"line":51,"column":9}},"19":{"start":{"line":45,"column":12},"end":{"line":50,"column":14}},"20":{"start":{"line":53,"column":8},"end":{"line":58,"column":10}},"21":{"start":{"line":71,"column":28},"end":{"line":71,"column":49}},"22":{"start":{"line":73,"column":30},"end":{"line":73,"column":59}},"23":{"start":{"line":74,"column":28},"end":{"line":74,"column":59}},"24":{"start":{"line":76,"column":8},"end":{"line":92,"column":9}},"25":{"start":{"line":77,"column":12},"end":{"line":77,"column":78}},"26":{"start":{"line":77,"column":69},"end":{"line":77,"column":78}},"27":{"start":{"line":78,"column":12},"end":{"line":78,"column":56}},"28":{"start":{"line":78,"column":47},"end":{"line":78,"column":56}},"29":{"start":{"line":79,"column":12},"end":{"line":79,"column":62}},"30":{"start":{"line":79,"column":53},"end":{"line":79,"column":62}},"31":{"start":{"line":80,"column":12},"end":{"line":80,"column":48}},"32":{"start":{"line":80,"column":39},"end":{"line":80,"column":48}},"33":{"start":{"line":82,"column":34},"end":{"line":82,"column":66}},"34":{"start":{"line":83,"column":32},"end":{"line":83,"column":71}},"35":{"start":{"line":85,"column":12},"end":{"line":91,"column":13}},"36":{"start":{"line":86,"column":16},"end":{"line":90,"column":18}},"37":{"start":{"line":94,"column":8},"end":{"line":98,"column":10}},"38":{"start":{"line":111,"column":28},"end":{"line":111,"column":49}},"39":{"start":{"line":112,"column":28},"end":{"line":112,"column":30}},"40":{"start":{"line":115,"column":8},"end":{"line":124,"column":9}},"41":{"start":{"line":116,"column":12},"end":{"line":116,"column":56}},"42":{"start":{"line":116,"column":47},"end":{"line":116,"column":56}},"43":{"start":{"line":117,"column":12},"end":{"line":117,"column":64}},"44":{"start":{"line":117,"column":55},"end":{"line":117,"column":64}},"45":{"start":{"line":118,"column":12},"end":{"line":118,"column":48}},"46":{"start":{"line":118,"column":39},"end":{"line":118,"column":48}},"47":{"start":{"line":120,"column":12},"end":{"line":123,"column":15}},"48":{"start":{"line":127,"column":8},"end":{"line":127,"column":54}},"49":{"start":{"line":127,"column":35},"end":{"line":127,"column":52}},"50":{"start":{"line":130,"column":26},"end":{"line":130,"column":59}},"51":{"start":{"line":131,"column":24},"end":{"line":131,"column":55}},"52":{"start":{"line":132,"column":31},"end":{"line":132,"column":33}},"53":{"start":{"line":134,"column":26},"end":{"line":134,"column":35}},"54":{"start":{"line":136,"column":8},"end":{"line":141,"column":9}},"55":{"start":{"line":137,"column":12},"end":{"line":139,"column":13}},"56":{"start":{"line":138,"column":16},"end":{"line":138,"column":69}},"57":{"start":{"line":140,"column":12},"end":{"line":140,"column":58}},"58":{"start":{"line":144,"column":8},"end":{"line":146,"column":9}},"59":{"start":{"line":145,"column":12},"end":{"line":145,"column":65}},"60":{"start":{"line":148,"column":8},"end":{"line":148,"column":30}},"61":{"start":{"line":157,"column":23},"end":{"line":157,"column":25}},"62":{"start":{"line":158,"column":25},"end":{"line":158,"column":27}},"63":{"start":{"line":161,"column":8},"end":{"line":161,"column":80}},"64":{"start":{"line":161,"column":39},"end":{"line":161,"column":80}},"65":{"start":{"line":162,"column":8},"end":{"line":162,"column":78}},"66":{"start":{"line":162,"column":38},"end":{"line":162,"column":78}},"67":{"start":{"line":163,"column":8},"end":{"line":163,"column":63}},"68":{"start":{"line":163,"column":31},"end":{"line":163,"column":63}},"69":{"start":{"line":164,"column":8},"end":{"line":164,"column":63}},"70":{"start":{"line":164,"column":31},"end":{"line":164,"column":63}},"71":{"start":{"line":165,"column":8},"end":{"line":165,"column":71}},"72":{"start":{"line":165,"column":35},"end":{"line":165,"column":71}},"73":{"start":{"line":167,"column":8},"end":{"line":169,"column":9}},"74":{"start":{"line":168,"column":12},"end":{"line":168,"column":56}},"75":{"start":{"line":172,"column":33},"end":{"line":178,"column":9}},"76":{"start":{"line":180,"column":8},"end":{"line":182,"column":9}},"77":{"start":{"line":181,"column":12},"end":{"line":181,"column":50}},"78":{"start":{"line":185,"column":32},"end":{"line":191,"column":9}},"79":{"start":{"line":193,"column":8},"end":{"line":195,"column":9}},"80":{"start":{"line":194,"column":12},"end":{"line":194,"column":49}},"81":{"start":{"line":198,"column":32},"end":{"line":198,"column":83}},"82":{"start":{"line":199,"column":8},"end":{"line":201,"column":9}},"83":{"start":{"line":200,"column":12},"end":{"line":200,"column":67}},"84":{"start":{"line":203,"column":8},"end":{"line":207,"column":10}},"85":{"start":{"line":213,"column":23},"end":{"line":213,"column":60}},"86":{"start":{"line":214,"column":8},"end":{"line":214,"column":48}},"87":{"start":{"line":218,"column":8},"end":{"line":218,"column":31}},"88":{"start":{"line":218,"column":22},"end":{"line":218,"column":31}},"89":{"start":{"line":219,"column":33},"end":{"line":219,"column":63}},"90":{"start":{"line":220,"column":8},"end":{"line":220,"column":36}},"91":{"start":{"line":224,"column":22},"end":{"line":224,"column":51}},"92":{"start":{"line":225,"column":24},"end":{"line":225,"column":41}},"93":{"start":{"line":226,"column":8},"end":{"line":226,"column":87}},"94":{"start":{"line":230,"column":8},"end":{"line":230,"column":46}},"95":{"start":{"line":234,"column":8},"end":{"line":234,"column":34}},"96":{"start":{"line":234,"column":19},"end":{"line":234,"column":34}},"97":{"start":{"line":235,"column":33},"end":{"line":235,"column":48}},"98":{"start":{"line":236,"column":18},"end":{"line":236,"column":33}},"99":{"start":{"line":237,"column":23},"end":{"line":237,"column":44}},"100":{"start":{"line":238,"column":28},"end":{"line":238,"column":64}},"101":{"start":{"line":239,"column":8},"end":{"line":239,"column":53}},"102":{"start":{"line":243,"column":8},"end":{"line":245,"column":85}},"103":{"start":{"line":252,"column":0},"end":{"line":252,"column":44}}},"fnMap":{"0":{"name":"(anonymous_0)","decl":{"start":{"line":2,"column":4},"end":{"line":2,"column":5}},"loc":{"start":{"line":2,"column":18},"end":{"line":4,"column":5}},"line":2},"1":{"name":"(anonymous_1)","decl":{"start":{"line":15,"column":4},"end":{"line":15,"column":5}},"loc":{"start":{"line":15,"column":91},"end":{"line":59,"column":5}},"line":15},"2":{"name":"(anonymous_2)","decl":{"start":{"line":70,"column":4},"end":{"line":70,"column":5}},"loc":{"start":{"line":70,"column":97},"end":{"line":99,"column":5}},"line":70},"3":{"name":"(anonymous_3)","decl":{"start":{"line":110,"column":4},"end":{"line":110,"column":5}},"loc":{"start":{"line":110,"column":107},"end":{"line":149,"column":5}},"line":110},"4":{"name":"(anonymous_4)","decl":{"start":{"line":127,"column":25},"end":{"line":127,"column":26}},"loc":{"start":{"line":127,"column":35},"end":{"line":127,"column":52}},"line":127},"5":{"name":"(anonymous_5)","decl":{"start":{"line":156,"column":4},"end":{"line":156,"column":5}},"loc":{"start":{"line":156,"column":33},"end":{"line":208,"column":5}},"line":156},"6":{"name":"(anonymous_6)","decl":{"start":{"line":212,"column":4},"end":{"line":212,"column":5}},"loc":{"start":{"line":212,"column":21},"end":{"line":215,"column":5}},"line":212},"7":{"name":"(anonymous_7)","decl":{"start":{"line":217,"column":4},"end":{"line":217,"column":5}},"loc":{"start":{"line":217,"column":27},"end":{"line":221,"column":5}},"line":217},"8":{"name":"(anonymous_8)","decl":{"start":{"line":223,"column":4},"end":{"line":223,"column":5}},"loc":{"start":{"line":223,"column":32},"end":{"line":227,"column":5}},"line":223},"9":{"name":"(anonymous_9)","decl":{"start":{"line":229,"column":4},"end":{"line":229,"column":5}},"loc":{"start":{"line":229,"column":46},"end":{"line":231,"column":5}},"line":229},"10":{"name":"(anonymous_10)","decl":{"start":{"line":233,"column":4},"end":{"line":233,"column":5}},"loc":{"start":{"line":233,"column":21},"end":{"line":240,"column":5}},"line":233},"11":{"name":"(anonymous_11)","decl":{"start":{"line":242,"column":4},"end":{"line":242,"column":5}},"loc":{"start":{"line":242,"column":34},"end":{"line":246,"column":5}},"line":242}},"branchMap":{"0":{"loc":{"start":{"line":15,"column":66},"end":{"line":15,"column":89}},"type":"default-arg","locations":[{"start":{"line":15,"column":85},"end":{"line":15,"column":89}}],"line":15},"1":{"loc":{"start":{"line":24,"column":12},"end":{"line":24,"column":78}},"type":"if","locations":[{"start":{"line":24,"column":12},"end":{"line":24,"column":78}},{"start":{},"end":{}}],"line":24},"2":{"loc":{"start":{"line":24,"column":16},"end":{"line":24,"column":67}},"type":"binary-expr","locations":[{"start":{"line":24,"column":16},"end":{"line":24,"column":32}},{"start":{"line":24,"column":36},"end":{"line":24,"column":67}}],"line":24},"3":{"loc":{"start":{"line":27,"column":12},"end":{"line":27,"column":56}},"type":"if","locations":[{"start":{"line":27,"column":12},"end":{"line":27,"column":56}},{"start":{},"end":{}}],"line":27},"4":{"loc":{"start":{"line":30,"column":12},"end":{"line":30,"column":64}},"type":"if","locations":[{"start":{"line":30,"column":12},"end":{"line":30,"column":64}},{"start":{},"end":{}}],"line":30},"5":{"loc":{"start":{"line":33,"column":12},"end":{"line":33,"column":48}},"type":"if","locations":[{"start":{"line":33,"column":12},"end":{"line":33,"column":48}},{"start":{},"end":{}}],"line":33},"6":{"loc":{"start":{"line":37,"column":49},"end":{"line":37,"column":70}},"type":"binary-expr","locations":[{"start":{"line":37,"column":49},"end":{"line":37,"column":65}},{"start":{"line":37,"column":69},"end":{"line":37,"column":70}}],"line":37},"7":{"loc":{"start":{"line":39,"column":12},"end":{"line":41,"column":13}},"type":"if","locations":[{"start":{"line":39,"column":12},"end":{"line":41,"column":13}},{"start":{},"end":{}}],"line":39},"8":{"loc":{"start":{"line":44,"column":8},"end":{"line":51,"column":9}},"type":"if","locations":[{"start":{"line":44,"column":8},"end":{"line":51,"column":9}},{"start":{},"end":{}}],"line":44},"9":{"loc":{"start":{"line":70,"column":72},"end":{"line":70,"column":95}},"type":"default-arg","locations":[{"start":{"line":70,"column":91},"end":{"line":70,"column":95}}],"line":70},"10":{"loc":{"start":{"line":77,"column":12},"end":{"line":77,"column":78}},"type":"if","locations":[{"start":{"line":77,"column":12},"end":{"line":77,"column":78}},{"start":{},"end":{}}],"line":77},"11":{"loc":{"start":{"line":77,"column":16},"end":{"line":77,"column":67}},"type":"binary-expr","locations":[{"start":{"line":77,"column":16},"end":{"line":77,"column":32}},{"start":{"line":77,"column":36},"end":{"line":77,"column":67}}],"line":77},"12":{"loc":{"start":{"line":78,"column":12},"end":{"line":78,"column":56}},"type":"if","locations":[{"start":{"line":78,"column":12},"end":{"line":78,"column":56}},{"start":{},"end":{}}],"line":78},"13":{"loc":{"start":{"line":79,"column":12},"end":{"line":79,"column":62}},"type":"if","locations":[{"start":{"line":79,"column":12},"end":{"line":79,"column":62}},{"start":{},"end":{}}],"line":79},"14":{"loc":{"start":{"line":80,"column":12},"end":{"line":80,"column":48}},"type":"if","locations":[{"start":{"line":80,"column":12},"end":{"line":80,"column":48}},{"start":{},"end":{}}],"line":80},"15":{"loc":{"start":{"line":83,"column":49},"end":{"line":83,"column":70}},"type":"binary-expr","locations":[{"start":{"line":83,"column":49},"end":{"line":83,"column":65}},{"start":{"line":83,"column":69},"end":{"line":83,"column":70}}],"line":83},"16":{"loc":{"start":{"line":85,"column":12},"end":{"line":91,"column":13}},"type":"if","locations":[{"start":{"line":85,"column":12},"end":{"line":91,"column":13}},{"start":{},"end":{}}],"line":85},"17":{"loc":{"start":{"line":110,"column":59},"end":{"line":110,"column":82}},"type":"default-arg","locations":[{"start":{"line":110,"column":75},"end":{"line":110,"column":82}}],"line":110},"18":{"loc":{"start":{"line":110,"column":84},"end":{"line":110,"column":105}},"type":"default-arg","locations":[{"start":{"line":110,"column":98},"end":{"line":110,"column":105}}],"line":110},"19":{"loc":{"start":{"line":116,"column":12},"end":{"line":116,"column":56}},"type":"if","locations":[{"start":{"line":116,"column":12},"end":{"line":116,"column":56}},{"start":{},"end":{}}],"line":116},"20":{"loc":{"start":{"line":117,"column":12},"end":{"line":117,"column":64}},"type":"if","locations":[{"start":{"line":117,"column":12},"end":{"line":117,"column":64}},{"start":{},"end":{}}],"line":117},"21":{"loc":{"start":{"line":118,"column":12},"end":{"line":118,"column":48}},"type":"if","locations":[{"start":{"line":118,"column":12},"end":{"line":118,"column":48}},{"start":{},"end":{}}],"line":118},"22":{"loc":{"start":{"line":122,"column":57},"end":{"line":122,"column":78}},"type":"binary-expr","locations":[{"start":{"line":122,"column":57},"end":{"line":122,"column":73}},{"start":{"line":122,"column":77},"end":{"line":122,"column":78}}],"line":122},"23":{"loc":{"start":{"line":137,"column":12},"end":{"line":139,"column":13}},"type":"if","locations":[{"start":{"line":137,"column":12},"end":{"line":139,"column":13}},{"start":{},"end":{}}],"line":137},"24":{"loc":{"start":{"line":144,"column":8},"end":{"line":146,"column":9}},"type":"if","locations":[{"start":{"line":144,"column":8},"end":{"line":146,"column":9}},{"start":{},"end":{}}],"line":144},"25":{"loc":{"start":{"line":161,"column":8},"end":{"line":161,"column":80}},"type":"if","locations":[{"start":{"line":161,"column":8},"end":{"line":161,"column":80}},{"start":{},"end":{}}],"line":161},"26":{"loc":{"start":{"line":162,"column":8},"end":{"line":162,"column":78}},"type":"if","locations":[{"start":{"line":162,"column":8},"end":{"line":162,"column":78}},{"start":{},"end":{}}],"line":162},"27":{"loc":{"start":{"line":163,"column":8},"end":{"line":163,"column":63}},"type":"if","locations":[{"start":{"line":163,"column":8},"end":{"line":163,"column":63}},{"start":{},"end":{}}],"line":163},"28":{"loc":{"start":{"line":164,"column":8},"end":{"line":164,"column":63}},"type":"if","locations":[{"start":{"line":164,"column":8},"end":{"line":164,"column":63}},{"start":{},"end":{}}],"line":164},"29":{"loc":{"start":{"line":165,"column":8},"end":{"line":165,"column":71}},"type":"if","locations":[{"start":{"line":165,"column":8},"end":{"line":165,"column":71}},{"start":{},"end":{}}],"line":165},"30":{"loc":{"start":{"line":167,"column":8},"end":{"line":169,"column":9}},"type":"if","locations":[{"start":{"line":167,"column":8},"end":{"line":169,"column":9}},{"start":{},"end":{}}],"line":167},"31":{"loc":{"start":{"line":177,"column":12},"end":{"line":177,"column":34}},"type":"binary-expr","locations":[{"start":{"line":177,"column":12},"end":{"line":177,"column":26}},{"start":{"line":177,"column":30},"end":{"line":177,"column":34}}],"line":177},"32":{"loc":{"start":{"line":180,"column":8},"end":{"line":182,"column":9}},"type":"if","locations":[{"start":{"line":180,"column":8},"end":{"line":182,"column":9}},{"start":{},"end":{}}],"line":180},"33":{"loc":{"start":{"line":190,"column":12},"end":{"line":190,"column":34}},"type":"binary-expr","locations":[{"start":{"line":190,"column":12},"end":{"line":190,"column":26}},{"start":{"line":190,"column":30},"end":{"line":190,"column":34}}],"line":190},"34":{"loc":{"start":{"line":193,"column":8},"end":{"line":195,"column":9}},"type":"if","locations":[{"start":{"line":193,"column":8},"end":{"line":195,"column":9}},{"start":{},"end":{}}],"line":193},"35":{"loc":{"start":{"line":199,"column":8},"end":{"line":201,"column":9}},"type":"if","locations":[{"start":{"line":199,"column":8},"end":{"line":201,"column":9}},{"start":{},"end":{}}],"line":199},"36":{"loc":{"start":{"line":214,"column":15},"end":{"line":214,"column":47}},"type":"cond-expr","locations":[{"start":{"line":214,"column":24},"end":{"line":214,"column":42}},{"start":{"line":214,"column":45},"end":{"line":214,"column":47}}],"line":214},"37":{"loc":{"start":{"line":218,"column":8},"end":{"line":218,"column":31}},"type":"if","locations":[{"start":{"line":218,"column":8},"end":{"line":218,"column":31}},{"start":{},"end":{}}],"line":218},"38":{"loc":{"start":{"line":230,"column":15},"end":{"line":230,"column":45}},"type":"binary-expr","locations":[{"start":{"line":230,"column":15},"end":{"line":230,"column":28}},{"start":{"line":230,"column":32},"end":{"line":230,"column":45}}],"line":230},"39":{"loc":{"start":{"line":234,"column":8},"end":{"line":234,"column":34}},"type":"if","locations":[{"start":{"line":234,"column":8},"end":{"line":234,"column":34}},{"start":{},"end":{}}],"line":234},"40":{"loc":{"start":{"line":237,"column":23},"end":{"line":237,"column":44}},"type":"cond-expr","locations":[{"start":{"line":237,"column":33},"end":{"line":237,"column":37}},{"start":{"line":237,"column":40},"end":{"line":237,"column":44}}],"line":237},"41":{"loc":{"start":{"line":238,"column":28},"end":{"line":238,"column":64}},"type":"cond-expr","locations":[{"start":{"line":238,"column":37},"end":{"line":238,"column":43}},{"start":{"line":238,"column":47},"end":{"line":238,"column":63}}],"line":238},"42":{"loc":{"start":{"line":238,"column":47},"end":{"line":238,"column":63}},"type":"cond-expr","locations":[{"start":{"line":238,"column":57},"end":{"line":238,"column":59}},{"start":{"line":238,"column":62},"end":{"line":238,"column":63}}],"line":238},"43":{"loc":{"start":{"line":243,"column":70},"end":{"line":243,"column":98}},"type":"binary-expr","locations":[{"start":{"line":243,"column":70},"end":{"line":243,"column":83}},{"start":{"line":243,"column":87},"end":{"line":243,"column":98}}],"line":243},"44":{"loc":{"start":{"line":245,"column":19},"end":{"line":245,"column":40}},"type":"binary-expr","locations":[{"start":{"line":245,"column":19},"end":{"line":245,"column":35}},{"start":{"line":245,"column":39},"end":{"line":245,"column":40}}],"line":245},"45":{"loc":{"start":{"line":245,"column":52},"end":{"line":245,"column":82}},"type":"binary-expr","locations":[{"start":{"line":245,"column":52},"end":{"line":245,"column":70}},{"start":{"line":245,"column":74},"end":{"line":245,"column":82}}],"line":245}},"s":{"0":24,"1":8,"2":8,"3":8,"4":8,"5":8,"6":7,"7":1,"8":6,"9":1,"10":5,"11":0,"12":5,"13":1,"14":4,"15":4,"16":4,"17":3,"18":8,"19":3,"20":5,"21":4,"22":4,"23":4,"24":4,"25":3,"26":0,"27":3,"28":0,"29":3,"30":1,"31":2,"32":0,"33":2,"34":2,"35":2,"36":1,"37":3,"38":2,"39":2,"40":2,"41":3,"42":0,"43":3,"44":0,"45":3,"46":0,"47":3,"48":2,"49":1,"50":2,"51":2,"52":2,"53":2,"54":2,"55":3,"56":2,"57":3,"58":2,"59":1,"60":2,"61":3,"62":3,"63":3,"64":1,"65":3,"66":1,"67":3,"68":1,"69":3,"70":1,"71":3,"72":1,"73":3,"74":1,"75":2,"76":2,"77":1,"78":2,"79":2,"80":0,"81":2,"82":2,"83":2,"84":2,"85":14,"86":14,"87":31,"88":1,"89":30,"90":30,"91":5,"92":5,"93":5,"94":13,"95":7,"96":0,"97":7,"98":7,"99":7,"100":7,"101":7,"102":4,"103":1},"f":{"0":24,"1":8,"2":4,"3":2,"4":1,"5":3,"6":14,"7":31,"8":5,"9":13,"10":7,"11":4},"b":{"0":[5],"1":[1,6],"2":[7,1],"3":[1,5],"4":[0,5],"5":[1,4],"6":[4,0],"7":[3,1],"8":[3,5],"9":[2],"10":[0,3],"11":[3,0],"12":[0,3],"13":[1,2],"14":[0,2],"15":[2,0],"16":[1,1],"17":[0],"18":[0],"19":[0,3],"20":[0,3],"21":[0,3],"22":[3,0],"23":[2,1],"24":[1,1],"25":[1,2],"26":[1,2],"27":[1,2],"28":[1,2],"29":[1,2],"30":[1,2],"31":[2,2],"32":[1,1],"33":[2,2],"34":[0,2],"35":[2,0],"36":[12,2],"37":[1,30],"38":[13,11],"39":[0,7],"40":[1,6],"41":[1,6],"42":[0,6],"43":[4,0],"44":[4,0],"45":[4,0]},"_coverageSchema":"1a1c01bbd47fc00a2c39e90264f33305004495a9","hash":"fc7eaa221102e736a0329ab72e6f93d14d2ee64b"}
,"C:\\Users\\mjiya\\Desktop\\SD3\\groupLab\\2026-group-lab-003\\public\\js\\lecturer-dashboard-testable.js": {"path":"C:\\Users\\mjiya\\Desktop\\SD3\\groupLab\\2026-group-lab-003\\public\\js\\lecturer-dashboard-testable.js","statementMap":{"0":{"start":{"line":3,"column":8},"end":{"line":3,"column":49}},"1":{"start":{"line":4,"column":8},"end":{"line":4,"column":52}},"2":{"start":{"line":5,"column":8},"end":{"line":5,"column":27}},"3":{"start":{"line":6,"column":8},"end":{"line":6,"column":35}},"4":{"start":{"line":7,"column":8},"end":{"line":7,"column":36}},"5":{"start":{"line":9,"column":8},"end":{"line":9,"column":20}},"6":{"start":{"line":13,"column":8},"end":{"line":13,"column":35}},"7":{"start":{"line":14,"column":8},"end":{"line":14,"column":28}},"8":{"start":{"line":15,"column":8},"end":{"line":15,"column":35}},"9":{"start":{"line":16,"column":8},"end":{"line":16,"column":34}},"10":{"start":{"line":17,"column":8},"end":{"line":17,"column":27}},"11":{"start":{"line":18,"column":8},"end":{"line":18,"column":35}},"12":{"start":{"line":19,"column":8},"end":{"line":19,"column":22}},"13":{"start":{"line":24,"column":28},"end":{"line":24,"column":77}},"14":{"start":{"line":25,"column":26},"end":{"line":25,"column":73}},"15":{"start":{"line":26,"column":28},"end":{"line":26,"column":77}},"16":{"start":{"line":27,"column":29},"end":{"line":27,"column":79}},"17":{"start":{"line":28,"column":26},"end":{"line":28,"column":73}},"18":{"start":{"line":29,"column":25},"end":{"line":29,"column":73}},"19":{"start":{"line":30,"column":25},"end":{"line":30,"column":73}},"20":{"start":{"line":31,"column":23},"end":{"line":31,"column":69}},"21":{"start":{"line":32,"column":24},"end":{"line":32,"column":71}},"22":{"start":{"line":33,"column":25},"end":{"line":33,"column":73}},"23":{"start":{"line":34,"column":23},"end":{"line":34,"column":69}},"24":{"start":{"line":35,"column":25},"end":{"line":35,"column":73}},"25":{"start":{"line":36,"column":33},"end":{"line":36,"column":90}},"26":{"start":{"line":41,"column":8},"end":{"line":41,"column":86}},"27":{"start":{"line":41,"column":59},"end":{"line":41,"column":84}},"28":{"start":{"line":42,"column":8},"end":{"line":42,"column":86}},"29":{"start":{"line":42,"column":59},"end":{"line":42,"column":84}},"30":{"start":{"line":43,"column":8},"end":{"line":43,"column":84}},"31":{"start":{"line":43,"column":57},"end":{"line":43,"column":82}},"32":{"start":{"line":44,"column":8},"end":{"line":44,"column":104}},"33":{"start":{"line":44,"column":71},"end":{"line":44,"column":96}},"34":{"start":{"line":46,"column":8},"end":{"line":51,"column":11}},"35":{"start":{"line":47,"column":12},"end":{"line":47,"column":32}},"36":{"start":{"line":48,"column":12},"end":{"line":48,"column":31}},"37":{"start":{"line":49,"column":12},"end":{"line":49,"column":39}},"38":{"start":{"line":50,"column":12},"end":{"line":50,"column":26}},"39":{"start":{"line":53,"column":8},"end":{"line":53,"column":106}},"40":{"start":{"line":53,"column":87},"end":{"line":53,"column":104}},"41":{"start":{"line":54,"column":8},"end":{"line":56,"column":11}},"42":{"start":{"line":55,"column":12},"end":{"line":55,"column":66}},"43":{"start":{"line":55,"column":48},"end":{"line":55,"column":66}},"44":{"start":{"line":60,"column":8},"end":{"line":60,"column":28}},"45":{"start":{"line":66,"column":28},"end":{"line":66,"column":71}},"46":{"start":{"line":67,"column":8},"end":{"line":70,"column":9}},"47":{"start":{"line":68,"column":12},"end":{"line":68,"column":59}},"48":{"start":{"line":69,"column":12},"end":{"line":69,"column":19}},"49":{"start":{"line":72,"column":26},"end":{"line":72,"column":67}},"50":{"start":{"line":73,"column":8},"end":{"line":76,"column":9}},"51":{"start":{"line":74,"column":12},"end":{"line":74,"column":57}},"52":{"start":{"line":75,"column":12},"end":{"line":75,"column":19}},"53":{"start":{"line":78,"column":8},"end":{"line":78,"column":36}},"54":{"start":{"line":82,"column":23},"end":{"line":82,"column":60}},"55":{"start":{"line":83,"column":28},"end":{"line":83,"column":60}},"56":{"start":{"line":85,"column":8},"end":{"line":95,"column":9}},"57":{"start":{"line":86,"column":12},"end":{"line":88,"column":14}},"58":{"start":{"line":87,"column":16},"end":{"line":87,"column":70}},"59":{"start":{"line":89,"column":15},"end":{"line":95,"column":9}},"60":{"start":{"line":90,"column":12},"end":{"line":92,"column":14}},"61":{"start":{"line":91,"column":16},"end":{"line":91,"column":68}},"62":{"start":{"line":94,"column":12},"end":{"line":94,"column":40}},"63":{"start":{"line":99,"column":23},"end":{"line":99,"column":60}},"64":{"start":{"line":100,"column":28},"end":{"line":100,"column":60}},"65":{"start":{"line":102,"column":8},"end":{"line":107,"column":11}},"66":{"start":{"line":103,"column":26},"end":{"line":103,"column":80}},"67":{"start":{"line":103,"column":53},"end":{"line":103,"column":79}},"68":{"start":{"line":104,"column":12},"end":{"line":106,"column":13}},"69":{"start":{"line":105,"column":16},"end":{"line":105,"column":52}},"70":{"start":{"line":109,"column":8},"end":{"line":109,"column":75}},"71":{"start":{"line":115,"column":23},"end":{"line":115,"column":46}},"72":{"start":{"line":116,"column":23},"end":{"line":116,"column":46}},"73":{"start":{"line":117,"column":21},"end":{"line":117,"column":42}},"74":{"start":{"line":118,"column":27},"end":{"line":118,"column":70}},"75":{"start":{"line":120,"column":8},"end":{"line":141,"column":11}},"76":{"start":{"line":121,"column":12},"end":{"line":121,"column":76}},"77":{"start":{"line":121,"column":63},"end":{"line":121,"column":76}},"78":{"start":{"line":122,"column":12},"end":{"line":122,"column":80}},"79":{"start":{"line":122,"column":67},"end":{"line":122,"column":80}},"80":{"start":{"line":124,"column":12},"end":{"line":133,"column":13}},"81":{"start":{"line":125,"column":36},"end":{"line":125,"column":48}},"82":{"start":{"line":126,"column":30},"end":{"line":126,"column":68}},"83":{"start":{"line":127,"column":33},"end":{"line":127,"column":51}},"84":{"start":{"line":129,"column":16},"end":{"line":129,"column":76}},"85":{"start":{"line":129,"column":63},"end":{"line":129,"column":76}},"86":{"start":{"line":130,"column":16},"end":{"line":130,"column":82}},"87":{"start":{"line":130,"column":69},"end":{"line":130,"column":82}},"88":{"start":{"line":131,"column":16},"end":{"line":131,"column":88}},"89":{"start":{"line":131,"column":75},"end":{"line":131,"column":88}},"90":{"start":{"line":132,"column":16},"end":{"line":132,"column":88}},"91":{"start":{"line":132,"column":75},"end":{"line":132,"column":88}},"92":{"start":{"line":135,"column":12},"end":{"line":138,"column":13}},"93":{"start":{"line":136,"column":34},"end":{"line":136,"column":129}},"94":{"start":{"line":137,"column":16},"end":{"line":137,"column":66}},"95":{"start":{"line":137,"column":53},"end":{"line":137,"column":66}},"96":{"start":{"line":140,"column":12},"end":{"line":140,"column":24}},"97":{"start":{"line":143,"column":8},"end":{"line":147,"column":11}},"98":{"start":{"line":144,"column":26},"end":{"line":144,"column":57}},"99":{"start":{"line":145,"column":26},"end":{"line":145,"column":57}},"100":{"start":{"line":146,"column":12},"end":{"line":146,"column":33}},"101":{"start":{"line":149,"column":8},"end":{"line":149,"column":22}},"102":{"start":{"line":153,"column":24},"end":{"line":153,"column":97}},"103":{"start":{"line":153,"column":59},"end":{"line":153,"column":71}},"104":{"start":{"line":154,"column":8},"end":{"line":154,"column":81}},"105":{"start":{"line":155,"column":8},"end":{"line":160,"column":11}},"106":{"start":{"line":156,"column":27},"end":{"line":156,"column":59}},"107":{"start":{"line":157,"column":12},"end":{"line":157,"column":34}},"108":{"start":{"line":158,"column":12},"end":{"line":158,"column":40}},"109":{"start":{"line":159,"column":12},"end":{"line":159,"column":50}},"110":{"start":{"line":166,"column":22},"end":{"line":166,"column":60}},"111":{"start":{"line":167,"column":30},"end":{"line":167,"column":73}},"112":{"start":{"line":167,"column":56},"end":{"line":167,"column":72}},"113":{"start":{"line":169,"column":8},"end":{"line":169,"column":64}},"114":{"start":{"line":170,"column":8},"end":{"line":170,"column":133}},"115":{"start":{"line":170,"column":74},"end":{"line":170,"column":128}},"116":{"start":{"line":171,"column":8},"end":{"line":171,"column":156}},"117":{"start":{"line":171,"column":69},"end":{"line":171,"column":147}},"118":{"start":{"line":172,"column":8},"end":{"line":172,"column":103}},"119":{"start":{"line":172,"column":70},"end":{"line":172,"column":94}},"120":{"start":{"line":178,"column":24},"end":{"line":178,"column":91}},"121":{"start":{"line":179,"column":8},"end":{"line":179,"column":89}},"122":{"start":{"line":183,"column":8},"end":{"line":189,"column":9}},"123":{"start":{"line":184,"column":12},"end":{"line":184,"column":45}},"124":{"start":{"line":185,"column":12},"end":{"line":185,"column":55}},"125":{"start":{"line":187,"column":12},"end":{"line":187,"column":52}},"126":{"start":{"line":188,"column":12},"end":{"line":188,"column":109}},"127":{"start":{"line":188,"column":73},"end":{"line":188,"column":98}},"128":{"start":{"line":193,"column":28},"end":{"line":193,"column":57}},"129":{"start":{"line":194,"column":28},"end":{"line":194,"column":54}},"130":{"start":{"line":195,"column":31},"end":{"line":195,"column":59}},"131":{"start":{"line":196,"column":25},"end":{"line":196,"column":60}},"132":{"start":{"line":198,"column":8},"end":{"line":237,"column":10}},"133":{"start":{"line":214,"column":32},"end":{"line":214,"column":133}},"134":{"start":{"line":214,"column":111},"end":{"line":214,"column":115}},"135":{"start":{"line":241,"column":24},"end":{"line":241,"column":60}},"136":{"start":{"line":241,"column":48},"end":{"line":241,"column":59}},"137":{"start":{"line":242,"column":8},"end":{"line":242,"column":29}},"138":{"start":{"line":242,"column":22},"end":{"line":242,"column":29}},"139":{"start":{"line":244,"column":21},"end":{"line":246,"column":10}},"140":{"start":{"line":248,"column":31},"end":{"line":248,"column":59}},"141":{"start":{"line":249,"column":25},"end":{"line":249,"column":60}},"142":{"start":{"line":251,"column":8},"end":{"line":284,"column":10}},"143":{"start":{"line":280,"column":50},"end":{"line":280,"column":113}},"144":{"start":{"line":286,"column":8},"end":{"line":286,"column":53}},"145":{"start":{"line":290,"column":8},"end":{"line":290,"column":50}},"146":{"start":{"line":294,"column":8},"end":{"line":302,"column":9}},"147":{"start":{"line":295,"column":28},"end":{"line":295,"column":64}},"148":{"start":{"line":295,"column":52},"end":{"line":295,"column":63}},"149":{"start":{"line":296,"column":12},"end":{"line":301,"column":13}},"150":{"start":{"line":297,"column":16},"end":{"line":297,"column":44}},"151":{"start":{"line":298,"column":16},"end":{"line":298,"column":36}},"152":{"start":{"line":299,"column":16},"end":{"line":299,"column":35}},"153":{"start":{"line":300,"column":16},"end":{"line":300,"column":36}},"154":{"start":{"line":306,"column":24},"end":{"line":306,"column":60}},"155":{"start":{"line":306,"column":48},"end":{"line":306,"column":59}},"156":{"start":{"line":307,"column":8},"end":{"line":312,"column":9}},"157":{"start":{"line":308,"column":12},"end":{"line":308,"column":41}},"158":{"start":{"line":309,"column":12},"end":{"line":309,"column":32}},"159":{"start":{"line":310,"column":12},"end":{"line":310,"column":31}},"160":{"start":{"line":311,"column":12},"end":{"line":311,"column":32}},"161":{"start":{"line":318,"column":8},"end":{"line":318,"column":34}},"162":{"start":{"line":318,"column":19},"end":{"line":318,"column":34}},"163":{"start":{"line":319,"column":33},"end":{"line":319,"column":48}},"164":{"start":{"line":320,"column":18},"end":{"line":320,"column":33}},"165":{"start":{"line":321,"column":23},"end":{"line":321,"column":44}},"166":{"start":{"line":322,"column":28},"end":{"line":322,"column":64}},"167":{"start":{"line":323,"column":8},"end":{"line":323,"column":53}},"168":{"start":{"line":327,"column":25},"end":{"line":327,"column":35}},"169":{"start":{"line":328,"column":8},"end":{"line":328,"column":49}},"170":{"start":{"line":329,"column":8},"end":{"line":329,"column":52}},"171":{"start":{"line":333,"column":8},"end":{"line":333,"column":35}},"172":{"start":{"line":333,"column":22},"end":{"line":333,"column":35}},"173":{"start":{"line":334,"column":21},"end":{"line":334,"column":38}},"174":{"start":{"line":335,"column":22},"end":{"line":335,"column":32}},"175":{"start":{"line":336,"column":28},"end":{"line":336,"column":43}},"176":{"start":{"line":337,"column":8},"end":{"line":337,"column":62}},"177":{"start":{"line":338,"column":26},"end":{"line":338,"column":47}},"178":{"start":{"line":339,"column":8},"end":{"line":339,"column":53}},"179":{"start":{"line":340,"column":8},"end":{"line":340,"column":44}},"180":{"start":{"line":341,"column":8},"end":{"line":341,"column":56}},"181":{"start":{"line":345,"column":8},"end":{"line":345,"column":35}},"182":{"start":{"line":345,"column":22},"end":{"line":345,"column":35}},"183":{"start":{"line":346,"column":21},"end":{"line":346,"column":38}},"184":{"start":{"line":347,"column":22},"end":{"line":347,"column":32}},"185":{"start":{"line":348,"column":32},"end":{"line":348,"column":47}},"186":{"start":{"line":349,"column":8},"end":{"line":349,"column":70}},"187":{"start":{"line":350,"column":30},"end":{"line":350,"column":55}},"188":{"start":{"line":351,"column":8},"end":{"line":351,"column":61}},"189":{"start":{"line":352,"column":8},"end":{"line":352,"column":48}},"190":{"start":{"line":353,"column":8},"end":{"line":353,"column":64}},"191":{"start":{"line":357,"column":8},"end":{"line":357,"column":28}},"192":{"start":{"line":357,"column":18},"end":{"line":357,"column":28}},"193":{"start":{"line":358,"column":20},"end":{"line":358,"column":49}},"194":{"start":{"line":359,"column":8},"end":{"line":359,"column":30}},"195":{"start":{"line":360,"column":8},"end":{"line":360,"column":29}},"196":{"start":{"line":365,"column":8},"end":{"line":368,"column":10}},"197":{"start":{"line":366,"column":12},"end":{"line":366,"column":32}},"198":{"start":{"line":367,"column":12},"end":{"line":367,"column":66}},"199":{"start":{"line":367,"column":37},"end":{"line":367,"column":57}},"200":{"start":{"line":375,"column":0},"end":{"line":375,"column":45}}},"fnMap":{"0":{"name":"(anonymous_0)","decl":{"start":{"line":2,"column":4},"end":{"line":2,"column":5}},"loc":{"start":{"line":2,"column":18},"end":{"line":10,"column":5}},"line":2},"1":{"name":"(anonymous_1)","decl":{"start":{"line":12,"column":4},"end":{"line":12,"column":5}},"loc":{"start":{"line":12,"column":11},"end":{"line":20,"column":5}},"line":12},"2":{"name":"(anonymous_2)","decl":{"start":{"line":24,"column":4},"end":{"line":24,"column":5}},"loc":{"start":{"line":24,"column":26},"end":{"line":24,"column":79}},"line":24},"3":{"name":"(anonymous_3)","decl":{"start":{"line":25,"column":4},"end":{"line":25,"column":5}},"loc":{"start":{"line":25,"column":24},"end":{"line":25,"column":75}},"line":25},"4":{"name":"(anonymous_4)","decl":{"start":{"line":26,"column":4},"end":{"line":26,"column":5}},"loc":{"start":{"line":26,"column":26},"end":{"line":26,"column":79}},"line":26},"5":{"name":"(anonymous_5)","decl":{"start":{"line":27,"column":4},"end":{"line":27,"column":5}},"loc":{"start":{"line":27,"column":27},"end":{"line":27,"column":81}},"line":27},"6":{"name":"(anonymous_6)","decl":{"start":{"line":28,"column":4},"end":{"line":28,"column":5}},"loc":{"start":{"line":28,"column":24},"end":{"line":28,"column":75}},"line":28},"7":{"name":"(anonymous_7)","decl":{"start":{"line":29,"column":4},"end":{"line":29,"column":5}},"loc":{"start":{"line":29,"column":23},"end":{"line":29,"column":75}},"line":29},"8":{"name":"(anonymous_8)","decl":{"start":{"line":30,"column":4},"end":{"line":30,"column":5}},"loc":{"start":{"line":30,"column":23},"end":{"line":30,"column":75}},"line":30},"9":{"name":"(anonymous_9)","decl":{"start":{"line":31,"column":4},"end":{"line":31,"column":5}},"loc":{"start":{"line":31,"column":21},"end":{"line":31,"column":71}},"line":31},"10":{"name":"(anonymous_10)","decl":{"start":{"line":32,"column":4},"end":{"line":32,"column":5}},"loc":{"start":{"line":32,"column":22},"end":{"line":32,"column":73}},"line":32},"11":{"name":"(anonymous_11)","decl":{"start":{"line":33,"column":4},"end":{"line":33,"column":5}},"loc":{"start":{"line":33,"column":23},"end":{"line":33,"column":75}},"line":33},"12":{"name":"(anonymous_12)","decl":{"start":{"line":34,"column":4},"end":{"line":34,"column":5}},"loc":{"start":{"line":34,"column":21},"end":{"line":34,"column":71}},"line":34},"13":{"name":"(anonymous_13)","decl":{"start":{"line":35,"column":4},"end":{"line":35,"column":5}},"loc":{"start":{"line":35,"column":23},"end":{"line":35,"column":75}},"line":35},"14":{"name":"(anonymous_14)","decl":{"start":{"line":36,"column":4},"end":{"line":36,"column":5}},"loc":{"start":{"line":36,"column":31},"end":{"line":36,"column":92}},"line":36},"15":{"name":"(anonymous_15)","decl":{"start":{"line":40,"column":4},"end":{"line":40,"column":5}},"loc":{"start":{"line":40,"column":26},"end":{"line":57,"column":5}},"line":40},"16":{"name":"(anonymous_16)","decl":{"start":{"line":41,"column":53},"end":{"line":41,"column":54}},"loc":{"start":{"line":41,"column":59},"end":{"line":41,"column":84}},"line":41},"17":{"name":"(anonymous_17)","decl":{"start":{"line":42,"column":53},"end":{"line":42,"column":54}},"loc":{"start":{"line":42,"column":59},"end":{"line":42,"column":84}},"line":42},"18":{"name":"(anonymous_18)","decl":{"start":{"line":43,"column":51},"end":{"line":43,"column":52}},"loc":{"start":{"line":43,"column":57},"end":{"line":43,"column":82}},"line":43},"19":{"name":"(anonymous_19)","decl":{"start":{"line":44,"column":65},"end":{"line":44,"column":66}},"loc":{"start":{"line":44,"column":71},"end":{"line":44,"column":96}},"line":44},"20":{"name":"(anonymous_20)","decl":{"start":{"line":46,"column":73},"end":{"line":46,"column":74}},"loc":{"start":{"line":46,"column":79},"end":{"line":51,"column":9}},"line":46},"21":{"name":"(anonymous_21)","decl":{"start":{"line":53,"column":81},"end":{"line":53,"column":82}},"loc":{"start":{"line":53,"column":87},"end":{"line":53,"column":104}},"line":53},"22":{"name":"(anonymous_22)","decl":{"start":{"line":54,"column":52},"end":{"line":54,"column":53}},"loc":{"start":{"line":54,"column":59},"end":{"line":56,"column":9}},"line":54},"23":{"name":"(anonymous_23)","decl":{"start":{"line":59,"column":4},"end":{"line":59,"column":5}},"loc":{"start":{"line":59,"column":25},"end":{"line":61,"column":5}},"line":59},"24":{"name":"(anonymous_24)","decl":{"start":{"line":65,"column":4},"end":{"line":65,"column":5}},"loc":{"start":{"line":65,"column":26},"end":{"line":79,"column":5}},"line":65},"25":{"name":"(anonymous_25)","decl":{"start":{"line":81,"column":4},"end":{"line":81,"column":5}},"loc":{"start":{"line":81,"column":19},"end":{"line":96,"column":5}},"line":81},"26":{"name":"(anonymous_26)","decl":{"start":{"line":86,"column":47},"end":{"line":86,"column":48}},"loc":{"start":{"line":87,"column":16},"end":{"line":87,"column":70}},"line":87},"27":{"name":"(anonymous_27)","decl":{"start":{"line":90,"column":47},"end":{"line":90,"column":48}},"loc":{"start":{"line":91,"column":16},"end":{"line":91,"column":68}},"line":91},"28":{"name":"(anonymous_28)","decl":{"start":{"line":98,"column":4},"end":{"line":98,"column":5}},"loc":{"start":{"line":98,"column":19},"end":{"line":110,"column":5}},"line":98},"29":{"name":"(anonymous_29)","decl":{"start":{"line":102,"column":30},"end":{"line":102,"column":31}},"loc":{"start":{"line":102,"column":48},"end":{"line":107,"column":9}},"line":102},"30":{"name":"(anonymous_30)","decl":{"start":{"line":103,"column":48},"end":{"line":103,"column":49}},"loc":{"start":{"line":103,"column":53},"end":{"line":103,"column":79}},"line":103},"31":{"name":"(anonymous_31)","decl":{"start":{"line":114,"column":4},"end":{"line":114,"column":5}},"loc":{"start":{"line":114,"column":19},"end":{"line":150,"column":5}},"line":114},"32":{"name":"(anonymous_32)","decl":{"start":{"line":120,"column":53},"end":{"line":120,"column":54}},"loc":{"start":{"line":120,"column":64},"end":{"line":141,"column":9}},"line":120},"33":{"name":"(anonymous_33)","decl":{"start":{"line":143,"column":35},"end":{"line":143,"column":36}},"loc":{"start":{"line":143,"column":45},"end":{"line":147,"column":9}},"line":143},"34":{"name":"(anonymous_34)","decl":{"start":{"line":152,"column":4},"end":{"line":152,"column":5}},"loc":{"start":{"line":152,"column":26},"end":{"line":161,"column":5}},"line":152},"35":{"name":"(anonymous_35)","decl":{"start":{"line":153,"column":54},"end":{"line":153,"column":55}},"loc":{"start":{"line":153,"column":59},"end":{"line":153,"column":71}},"line":153},"36":{"name":"(anonymous_36)","decl":{"start":{"line":155,"column":24},"end":{"line":155,"column":25}},"loc":{"start":{"line":155,"column":34},"end":{"line":160,"column":9}},"line":155},"37":{"name":"(anonymous_37)","decl":{"start":{"line":165,"column":4},"end":{"line":165,"column":5}},"loc":{"start":{"line":165,"column":18},"end":{"line":173,"column":5}},"line":165},"38":{"name":"(anonymous_38)","decl":{"start":{"line":167,"column":51},"end":{"line":167,"column":52}},"loc":{"start":{"line":167,"column":56},"end":{"line":167,"column":72}},"line":167},"39":{"name":"(anonymous_39)","decl":{"start":{"line":170,"column":62},"end":{"line":170,"column":63}},"loc":{"start":{"line":170,"column":74},"end":{"line":170,"column":128}},"line":170},"40":{"name":"(anonymous_40)","decl":{"start":{"line":171,"column":64},"end":{"line":171,"column":65}},"loc":{"start":{"line":171,"column":69},"end":{"line":171,"column":147}},"line":171},"41":{"name":"(anonymous_41)","decl":{"start":{"line":172,"column":65},"end":{"line":172,"column":66}},"loc":{"start":{"line":172,"column":70},"end":{"line":172,"column":94}},"line":172},"42":{"name":"(anonymous_42)","decl":{"start":{"line":177,"column":4},"end":{"line":177,"column":5}},"loc":{"start":{"line":177,"column":25},"end":{"line":180,"column":5}},"line":177},"43":{"name":"(anonymous_43)","decl":{"start":{"line":182,"column":4},"end":{"line":182,"column":5}},"loc":{"start":{"line":182,"column":13},"end":{"line":190,"column":5}},"line":182},"44":{"name":"(anonymous_44)","decl":{"start":{"line":188,"column":68},"end":{"line":188,"column":69}},"loc":{"start":{"line":188,"column":73},"end":{"line":188,"column":98}},"line":188},"45":{"name":"(anonymous_45)","decl":{"start":{"line":192,"column":4},"end":{"line":192,"column":5}},"loc":{"start":{"line":192,"column":31},"end":{"line":238,"column":5}},"line":192},"46":{"name":"(anonymous_46)","decl":{"start":{"line":213,"column":49},"end":{"line":213,"column":50}},"loc":{"start":{"line":214,"column":32},"end":{"line":214,"column":133}},"line":214},"47":{"name":"(anonymous_47)","decl":{"start":{"line":214,"column":106},"end":{"line":214,"column":107}},"loc":{"start":{"line":214,"column":111},"end":{"line":214,"column":115}},"line":214},"48":{"name":"(anonymous_48)","decl":{"start":{"line":240,"column":4},"end":{"line":240,"column":5}},"loc":{"start":{"line":240,"column":19},"end":{"line":287,"column":5}},"line":240},"49":{"name":"(anonymous_49)","decl":{"start":{"line":241,"column":43},"end":{"line":241,"column":44}},"loc":{"start":{"line":241,"column":48},"end":{"line":241,"column":59}},"line":241},"50":{"name":"(anonymous_50)","decl":{"start":{"line":280,"column":45},"end":{"line":280,"column":46}},"loc":{"start":{"line":280,"column":50},"end":{"line":280,"column":113}},"line":280},"51":{"name":"(anonymous_51)","decl":{"start":{"line":289,"column":4},"end":{"line":289,"column":5}},"loc":{"start":{"line":289,"column":17},"end":{"line":291,"column":5}},"line":289},"52":{"name":"(anonymous_52)","decl":{"start":{"line":293,"column":4},"end":{"line":293,"column":5}},"loc":{"start":{"line":293,"column":22},"end":{"line":303,"column":5}},"line":293},"53":{"name":"(anonymous_53)","decl":{"start":{"line":295,"column":47},"end":{"line":295,"column":48}},"loc":{"start":{"line":295,"column":52},"end":{"line":295,"column":63}},"line":295},"54":{"name":"(anonymous_54)","decl":{"start":{"line":305,"column":4},"end":{"line":305,"column":5}},"loc":{"start":{"line":305,"column":24},"end":{"line":313,"column":5}},"line":305},"55":{"name":"(anonymous_55)","decl":{"start":{"line":306,"column":43},"end":{"line":306,"column":44}},"loc":{"start":{"line":306,"column":48},"end":{"line":306,"column":59}},"line":306},"56":{"name":"(anonymous_56)","decl":{"start":{"line":317,"column":4},"end":{"line":317,"column":5}},"loc":{"start":{"line":317,"column":21},"end":{"line":324,"column":5}},"line":317},"57":{"name":"(anonymous_57)","decl":{"start":{"line":326,"column":4},"end":{"line":326,"column":5}},"loc":{"start":{"line":326,"column":18},"end":{"line":330,"column":5}},"line":326},"58":{"name":"(anonymous_58)","decl":{"start":{"line":332,"column":4},"end":{"line":332,"column":5}},"loc":{"start":{"line":332,"column":24},"end":{"line":342,"column":5}},"line":332},"59":{"name":"(anonymous_59)","decl":{"start":{"line":344,"column":4},"end":{"line":344,"column":5}},"loc":{"start":{"line":344,"column":24},"end":{"line":354,"column":5}},"line":344},"60":{"name":"(anonymous_60)","decl":{"start":{"line":356,"column":4},"end":{"line":356,"column":5}},"loc":{"start":{"line":356,"column":16},"end":{"line":361,"column":5}},"line":356},"61":{"name":"(anonymous_61)","decl":{"start":{"line":363,"column":4},"end":{"line":363,"column":5}},"loc":{"start":{"line":363,"column":24},"end":{"line":369,"column":5}},"line":363},"62":{"name":"(anonymous_62)","decl":{"start":{"line":365,"column":15},"end":{"line":365,"column":16}},"loc":{"start":{"line":365,"column":28},"end":{"line":368,"column":9}},"line":365},"63":{"name":"(anonymous_63)","decl":{"start":{"line":367,"column":31},"end":{"line":367,"column":32}},"loc":{"start":{"line":367,"column":37},"end":{"line":367,"column":57}},"line":367}},"branchMap":{"0":{"loc":{"start":{"line":55,"column":12},"end":{"line":55,"column":66}},"type":"if","locations":[{"start":{"line":55,"column":12},"end":{"line":55,"column":66}},{"start":{},"end":{}}],"line":55},"1":{"loc":{"start":{"line":67,"column":8},"end":{"line":70,"column":9}},"type":"if","locations":[{"start":{"line":67,"column":8},"end":{"line":70,"column":9}},{"start":{},"end":{}}],"line":67},"2":{"loc":{"start":{"line":73,"column":8},"end":{"line":76,"column":9}},"type":"if","locations":[{"start":{"line":73,"column":8},"end":{"line":76,"column":9}},{"start":{},"end":{}}],"line":73},"3":{"loc":{"start":{"line":83,"column":28},"end":{"line":83,"column":60}},"type":"cond-expr","locations":[{"start":{"line":83,"column":37},"end":{"line":83,"column":55}},{"start":{"line":83,"column":58},"end":{"line":83,"column":60}}],"line":83},"4":{"loc":{"start":{"line":85,"column":8},"end":{"line":95,"column":9}},"type":"if","locations":[{"start":{"line":85,"column":8},"end":{"line":95,"column":9}},{"start":{"line":89,"column":15},"end":{"line":95,"column":9}}],"line":85},"5":{"loc":{"start":{"line":85,"column":12},"end":{"line":85,"column":65}},"type":"binary-expr","locations":[{"start":{"line":85,"column":12},"end":{"line":85,"column":32}},{"start":{"line":85,"column":36},"end":{"line":85,"column":65}}],"line":85},"6":{"loc":{"start":{"line":89,"column":15},"end":{"line":95,"column":9}},"type":"if","locations":[{"start":{"line":89,"column":15},"end":{"line":95,"column":9}},{"start":{"line":93,"column":15},"end":{"line":95,"column":9}}],"line":89},"7":{"loc":{"start":{"line":89,"column":19},"end":{"line":89,"column":69}},"type":"binary-expr","locations":[{"start":{"line":89,"column":19},"end":{"line":89,"column":39}},{"start":{"line":89,"column":43},"end":{"line":89,"column":69}}],"line":89},"8":{"loc":{"start":{"line":100,"column":28},"end":{"line":100,"column":60}},"type":"cond-expr","locations":[{"start":{"line":100,"column":37},"end":{"line":100,"column":55}},{"start":{"line":100,"column":58},"end":{"line":100,"column":60}}],"line":100},"9":{"loc":{"start":{"line":104,"column":12},"end":{"line":106,"column":13}},"type":"if","locations":[{"start":{"line":104,"column":12},"end":{"line":106,"column":13}},{"start":{},"end":{}}],"line":104},"10":{"loc":{"start":{"line":121,"column":12},"end":{"line":121,"column":76}},"type":"if","locations":[{"start":{"line":121,"column":12},"end":{"line":121,"column":76}},{"start":{},"end":{}}],"line":121},"11":{"loc":{"start":{"line":121,"column":16},"end":{"line":121,"column":61}},"type":"binary-expr","locations":[{"start":{"line":121,"column":16},"end":{"line":121,"column":32}},{"start":{"line":121,"column":36},"end":{"line":121,"column":61}}],"line":121},"12":{"loc":{"start":{"line":122,"column":12},"end":{"line":122,"column":80}},"type":"if","locations":[{"start":{"line":122,"column":12},"end":{"line":122,"column":80}},{"start":{},"end":{}}],"line":122},"13":{"loc":{"start":{"line":122,"column":16},"end":{"line":122,"column":65}},"type":"binary-expr","locations":[{"start":{"line":122,"column":16},"end":{"line":122,"column":32}},{"start":{"line":122,"column":36},"end":{"line":122,"column":65}}],"line":122},"14":{"loc":{"start":{"line":124,"column":12},"end":{"line":133,"column":13}},"type":"if","locations":[{"start":{"line":124,"column":12},"end":{"line":133,"column":13}},{"start":{},"end":{}}],"line":124},"15":{"loc":{"start":{"line":129,"column":16},"end":{"line":129,"column":76}},"type":"if","locations":[{"start":{"line":129,"column":16},"end":{"line":129,"column":76}},{"start":{},"end":{}}],"line":129},"16":{"loc":{"start":{"line":129,"column":20},"end":{"line":129,"column":61}},"type":"binary-expr","locations":[{"start":{"line":129,"column":20},"end":{"line":129,"column":36}},{"start":{"line":129,"column":40},"end":{"line":129,"column":61}}],"line":129},"17":{"loc":{"start":{"line":130,"column":16},"end":{"line":130,"column":82}},"type":"if","locations":[{"start":{"line":130,"column":16},"end":{"line":130,"column":82}},{"start":{},"end":{}}],"line":130},"18":{"loc":{"start":{"line":130,"column":20},"end":{"line":130,"column":67}},"type":"binary-expr","locations":[{"start":{"line":130,"column":20},"end":{"line":130,"column":39}},{"start":{"line":130,"column":43},"end":{"line":130,"column":67}}],"line":130},"19":{"loc":{"start":{"line":131,"column":16},"end":{"line":131,"column":88}},"type":"if","locations":[{"start":{"line":131,"column":16},"end":{"line":131,"column":88}},{"start":{},"end":{}}],"line":131},"20":{"loc":{"start":{"line":131,"column":20},"end":{"line":131,"column":73}},"type":"binary-expr","locations":[{"start":{"line":131,"column":20},"end":{"line":131,"column":40}},{"start":{"line":131,"column":44},"end":{"line":131,"column":73}}],"line":131},"21":{"loc":{"start":{"line":132,"column":16},"end":{"line":132,"column":88}},"type":"if","locations":[{"start":{"line":132,"column":16},"end":{"line":132,"column":88}},{"start":{},"end":{}}],"line":132},"22":{"loc":{"start":{"line":132,"column":20},"end":{"line":132,"column":73}},"type":"binary-expr","locations":[{"start":{"line":132,"column":20},"end":{"line":132,"column":40}},{"start":{"line":132,"column":44},"end":{"line":132,"column":73}}],"line":132},"23":{"loc":{"start":{"line":135,"column":12},"end":{"line":138,"column":13}},"type":"if","locations":[{"start":{"line":135,"column":12},"end":{"line":138,"column":13}},{"start":{},"end":{}}],"line":135},"24":{"loc":{"start":{"line":136,"column":37},"end":{"line":136,"column":62}},"type":"binary-expr","locations":[{"start":{"line":136,"column":37},"end":{"line":136,"column":56}},{"start":{"line":136,"column":60},"end":{"line":136,"column":62}}],"line":136},"25":{"loc":{"start":{"line":136,"column":66},"end":{"line":136,"column":90}},"type":"binary-expr","locations":[{"start":{"line":136,"column":66},"end":{"line":136,"column":84}},{"start":{"line":136,"column":88},"end":{"line":136,"column":90}}],"line":136},"26":{"loc":{"start":{"line":136,"column":94},"end":{"line":136,"column":113}},"type":"binary-expr","locations":[{"start":{"line":136,"column":94},"end":{"line":136,"column":107}},{"start":{"line":136,"column":111},"end":{"line":136,"column":113}}],"line":136},"27":{"loc":{"start":{"line":137,"column":16},"end":{"line":137,"column":66}},"type":"if","locations":[{"start":{"line":137,"column":16},"end":{"line":137,"column":66}},{"start":{},"end":{}}],"line":137},"28":{"loc":{"start":{"line":170,"column":81},"end":{"line":170,"column":127}},"type":"cond-expr","locations":[{"start":{"line":170,"column":100},"end":{"line":170,"column":123}},{"start":{"line":170,"column":126},"end":{"line":170,"column":127}}],"line":170},"29":{"loc":{"start":{"line":171,"column":69},"end":{"line":171,"column":147}},"type":"binary-expr","locations":[{"start":{"line":171,"column":70},"end":{"line":171,"column":93}},{"start":{"line":171,"column":97},"end":{"line":171,"column":119}},{"start":{"line":171,"column":124},"end":{"line":171,"column":147}}],"line":171},"30":{"loc":{"start":{"line":183,"column":8},"end":{"line":189,"column":9}},"type":"if","locations":[{"start":{"line":183,"column":8},"end":{"line":189,"column":9}},{"start":{"line":186,"column":15},"end":{"line":189,"column":9}}],"line":183},"31":{"loc":{"start":{"line":195,"column":31},"end":{"line":195,"column":59}},"type":"binary-expr","locations":[{"start":{"line":195,"column":31},"end":{"line":195,"column":53}},{"start":{"line":195,"column":57},"end":{"line":195,"column":59}}],"line":195},"32":{"loc":{"start":{"line":196,"column":25},"end":{"line":196,"column":60}},"type":"binary-expr","locations":[{"start":{"line":196,"column":25},"end":{"line":196,"column":41}},{"start":{"line":196,"column":45},"end":{"line":196,"column":60}}],"line":196},"33":{"loc":{"start":{"line":202,"column":44},"end":{"line":202,"column":65}},"type":"binary-expr","locations":[{"start":{"line":202,"column":44},"end":{"line":202,"column":60}},{"start":{"line":202,"column":64},"end":{"line":202,"column":65}}],"line":202},"34":{"loc":{"start":{"line":205,"column":62},"end":{"line":205,"column":86}},"type":"binary-expr","locations":[{"start":{"line":205,"column":62},"end":{"line":205,"column":80}},{"start":{"line":205,"column":84},"end":{"line":205,"column":86}}],"line":205},"35":{"loc":{"start":{"line":205,"column":91},"end":{"line":205,"column":155}},"type":"cond-expr","locations":[{"start":{"line":205,"column":112},"end":{"line":205,"column":150}},{"start":{"line":205,"column":153},"end":{"line":205,"column":155}}],"line":205},"36":{"loc":{"start":{"line":206,"column":61},"end":{"line":206,"column":98}},"type":"binary-expr","locations":[{"start":{"line":206,"column":61},"end":{"line":206,"column":74}},{"start":{"line":206,"column":78},"end":{"line":206,"column":98}}],"line":206},"37":{"loc":{"start":{"line":208,"column":72},"end":{"line":208,"column":104}},"type":"binary-expr","locations":[{"start":{"line":208,"column":72},"end":{"line":208,"column":91}},{"start":{"line":208,"column":95},"end":{"line":208,"column":104}}],"line":208},"38":{"loc":{"start":{"line":211,"column":22},"end":{"line":218,"column":26}},"type":"cond-expr","locations":[{"start":{"line":211,"column":50},"end":{"line":218,"column":21}},{"start":{"line":218,"column":24},"end":{"line":218,"column":26}}],"line":211},"39":{"loc":{"start":{"line":220,"column":62},"end":{"line":220,"column":89}},"type":"binary-expr","locations":[{"start":{"line":220,"column":62},"end":{"line":220,"column":76}},{"start":{"line":220,"column":80},"end":{"line":220,"column":89}}],"line":220},"40":{"loc":{"start":{"line":225,"column":22},"end":{"line":229,"column":26}},"type":"cond-expr","locations":[{"start":{"line":225,"column":54},"end":{"line":229,"column":21}},{"start":{"line":229,"column":24},"end":{"line":229,"column":26}}],"line":225},"41":{"loc":{"start":{"line":230,"column":22},"end":{"line":234,"column":26}},"type":"cond-expr","locations":[{"start":{"line":230,"column":53},"end":{"line":234,"column":21}},{"start":{"line":234,"column":24},"end":{"line":234,"column":26}}],"line":230},"42":{"loc":{"start":{"line":242,"column":8},"end":{"line":242,"column":29}},"type":"if","locations":[{"start":{"line":242,"column":8},"end":{"line":242,"column":29}},{"start":{},"end":{}}],"line":242},"43":{"loc":{"start":{"line":248,"column":31},"end":{"line":248,"column":59}},"type":"binary-expr","locations":[{"start":{"line":248,"column":31},"end":{"line":248,"column":53}},{"start":{"line":248,"column":57},"end":{"line":248,"column":59}}],"line":248},"44":{"loc":{"start":{"line":249,"column":25},"end":{"line":249,"column":60}},"type":"binary-expr","locations":[{"start":{"line":249,"column":25},"end":{"line":249,"column":41}},{"start":{"line":249,"column":45},"end":{"line":249,"column":60}}],"line":249},"45":{"loc":{"start":{"line":254,"column":57},"end":{"line":254,"column":81}},"type":"binary-expr","locations":[{"start":{"line":254,"column":57},"end":{"line":254,"column":75}},{"start":{"line":254,"column":79},"end":{"line":254,"column":81}}],"line":254},"46":{"loc":{"start":{"line":254,"column":86},"end":{"line":254,"column":150}},"type":"cond-expr","locations":[{"start":{"line":254,"column":107},"end":{"line":254,"column":145}},{"start":{"line":254,"column":148},"end":{"line":254,"column":150}}],"line":254},"47":{"loc":{"start":{"line":262,"column":45},"end":{"line":262,"column":66}},"type":"binary-expr","locations":[{"start":{"line":262,"column":45},"end":{"line":262,"column":61}},{"start":{"line":262,"column":65},"end":{"line":262,"column":66}}],"line":262},"48":{"loc":{"start":{"line":266,"column":46},"end":{"line":266,"column":73}},"type":"binary-expr","locations":[{"start":{"line":266,"column":46},"end":{"line":266,"column":60}},{"start":{"line":266,"column":64},"end":{"line":266,"column":73}}],"line":266},"49":{"loc":{"start":{"line":274,"column":57},"end":{"line":274,"column":94}},"type":"binary-expr","locations":[{"start":{"line":274,"column":57},"end":{"line":274,"column":70}},{"start":{"line":274,"column":74},"end":{"line":274,"column":94}}],"line":274},"50":{"loc":{"start":{"line":278,"column":18},"end":{"line":282,"column":95}},"type":"cond-expr","locations":[{"start":{"line":278,"column":46},"end":{"line":282,"column":17}},{"start":{"line":282,"column":20},"end":{"line":282,"column":95}}],"line":278},"51":{"loc":{"start":{"line":294,"column":8},"end":{"line":302,"column":9}},"type":"if","locations":[{"start":{"line":294,"column":8},"end":{"line":302,"column":9}},{"start":{},"end":{}}],"line":294},"52":{"loc":{"start":{"line":296,"column":12},"end":{"line":301,"column":13}},"type":"if","locations":[{"start":{"line":296,"column":12},"end":{"line":301,"column":13}},{"start":{},"end":{}}],"line":296},"53":{"loc":{"start":{"line":307,"column":8},"end":{"line":312,"column":9}},"type":"if","locations":[{"start":{"line":307,"column":8},"end":{"line":312,"column":9}},{"start":{},"end":{}}],"line":307},"54":{"loc":{"start":{"line":318,"column":8},"end":{"line":318,"column":34}},"type":"if","locations":[{"start":{"line":318,"column":8},"end":{"line":318,"column":34}},{"start":{},"end":{}}],"line":318},"55":{"loc":{"start":{"line":321,"column":23},"end":{"line":321,"column":44}},"type":"cond-expr","locations":[{"start":{"line":321,"column":33},"end":{"line":321,"column":37}},{"start":{"line":321,"column":40},"end":{"line":321,"column":44}}],"line":321},"56":{"loc":{"start":{"line":322,"column":28},"end":{"line":322,"column":64}},"type":"cond-expr","locations":[{"start":{"line":322,"column":37},"end":{"line":322,"column":43}},{"start":{"line":322,"column":47},"end":{"line":322,"column":63}}],"line":322},"57":{"loc":{"start":{"line":322,"column":47},"end":{"line":322,"column":63}},"type":"cond-expr","locations":[{"start":{"line":322,"column":57},"end":{"line":322,"column":59}},{"start":{"line":322,"column":62},"end":{"line":322,"column":63}}],"line":322},"58":{"loc":{"start":{"line":333,"column":8},"end":{"line":333,"column":35}},"type":"if","locations":[{"start":{"line":333,"column":8},"end":{"line":333,"column":35}},{"start":{},"end":{}}],"line":333},"59":{"loc":{"start":{"line":341,"column":15},"end":{"line":341,"column":55}},"type":"binary-expr","locations":[{"start":{"line":341,"column":15},"end":{"line":341,"column":34}},{"start":{"line":341,"column":38},"end":{"line":341,"column":55}}],"line":341},"60":{"loc":{"start":{"line":345,"column":8},"end":{"line":345,"column":35}},"type":"if","locations":[{"start":{"line":345,"column":8},"end":{"line":345,"column":35}},{"start":{},"end":{}}],"line":345},"61":{"loc":{"start":{"line":353,"column":15},"end":{"line":353,"column":63}},"type":"binary-expr","locations":[{"start":{"line":353,"column":15},"end":{"line":353,"column":38}},{"start":{"line":353,"column":42},"end":{"line":353,"column":63}}],"line":353},"62":{"loc":{"start":{"line":357,"column":8},"end":{"line":357,"column":28}},"type":"if","locations":[{"start":{"line":357,"column":8},"end":{"line":357,"column":28}},{"start":{},"end":{}}],"line":357}},"s":{"0":31,"1":31,"2":31,"3":31,"4":31,"5":31,"6":31,"7":31,"8":31,"9":31,"10":31,"11":31,"12":31,"13":36,"14":36,"15":36,"16":36,"17":31,"18":38,"19":96,"20":38,"21":38,"22":39,"23":39,"24":33,"25":1,"26":31,"27":0,"28":31,"29":0,"30":31,"31":0,"32":31,"33":0,"34":31,"35":0,"36":0,"37":0,"38":0,"39":31,"40":0,"41":31,"42":0,"43":0,"44":0,"45":31,"46":31,"47":16,"48":16,"49":15,"50":15,"51":1,"52":1,"53":14,"54":31,"55":31,"56":31,"57":17,"58":37,"59":14,"60":0,"61":0,"62":14,"63":2,"64":2,"65":2,"66":4,"67":6,"68":4,"69":4,"70":2,"71":7,"72":7,"73":7,"74":7,"75":7,"76":19,"77":2,"78":17,"79":1,"80":16,"81":0,"82":0,"83":0,"84":0,"85":0,"86":0,"87":0,"88":0,"89":0,"90":0,"91":0,"92":16,"93":3,"94":3,"95":2,"96":14,"97":7,"98":7,"99":7,"100":7,"101":7,"102":31,"103":39,"104":31,"105":31,"106":27,"107":27,"108":27,"109":27,"110":36,"111":36,"112":49,"113":36,"114":36,"115":6,"116":36,"117":49,"118":36,"119":6,"120":31,"121":31,"122":39,"123":32,"124":32,"125":7,"126":7,"127":14,"128":14,"129":14,"130":14,"131":14,"132":14,"133":2,"134":2,"135":1,"136":1,"137":1,"138":0,"139":1,"140":1,"141":1,"142":1,"143":1,"144":1,"145":1,"146":2,"147":1,"148":1,"149":1,"150":1,"151":1,"152":1,"153":1,"154":1,"155":2,"156":1,"157":1,"158":1,"159":1,"160":1,"161":18,"162":1,"163":17,"164":17,"165":17,"166":17,"167":17,"168":1,"169":1,"170":1,"171":31,"172":5,"173":26,"174":26,"175":26,"176":26,"177":26,"178":26,"179":26,"180":26,"181":0,"182":0,"183":0,"184":0,"185":0,"186":0,"187":0,"188":0,"189":0,"190":0,"191":64,"192":1,"193":63,"194":63,"195":63,"196":31,"197":0,"198":0,"199":0,"200":1},"f":{"0":31,"1":31,"2":36,"3":36,"4":36,"5":36,"6":31,"7":38,"8":96,"9":38,"10":38,"11":39,"12":39,"13":33,"14":1,"15":31,"16":0,"17":0,"18":0,"19":0,"20":0,"21":0,"22":0,"23":0,"24":31,"25":31,"26":37,"27":0,"28":2,"29":4,"30":6,"31":7,"32":19,"33":7,"34":31,"35":39,"36":27,"37":36,"38":49,"39":6,"40":49,"41":6,"42":31,"43":39,"44":14,"45":14,"46":2,"47":2,"48":1,"49":1,"50":1,"51":1,"52":2,"53":1,"54":1,"55":2,"56":18,"57":1,"58":31,"59":0,"60":64,"61":31,"62":0,"63":0},"b":{"0":[0,0],"1":[16,15],"2":[1,14],"3":[16,15],"4":[17,14],"5":[31,17],"6":[0,14],"7":[14,0],"8":[2,0],"9":[4,0],"10":[2,17],"11":[19,3],"12":[1,16],"13":[17,3],"14":[0,16],"15":[0,0],"16":[0,0],"17":[0,0],"18":[0,0],"19":[0,0],"20":[0,0],"21":[0,0],"22":[0,0],"23":[3,13],"24":[3,0],"25":[3,0],"26":[3,0],"27":[2,1],"28":[6,0],"29":[49,24,29],"30":[32,7],"31":[14,10],"32":[14,14],"33":[14,14],"34":[14,0],"35":[0,14],"36":[14,4],"37":[14,0],"38":[2,12],"39":[14,0],"40":[5,9],"41":[1,13],"42":[0,1],"43":[1,0],"44":[1,0],"45":[1,0],"46":[0,1],"47":[1,0],"48":[1,0],"49":[1,0],"50":[1,0],"51":[1,1],"52":[1,0],"53":[1,0],"54":[1,17],"55":[1,16],"56":[1,16],"57":[0,16],"58":[5,26],"59":[26,7],"60":[0,0],"61":[0,0],"62":[1,63]},"_coverageSchema":"1a1c01bbd47fc00a2c39e90264f33305004495a9","hash":"4d9cb7f47f8014e47566a0bab76f9de6fca564ee"}
,"C:\\Users\\mjiya\\Desktop\\SD3\\groupLab\\2026-group-lab-003\\public\\js\\student-dashboard.js": {"path":"C:\\Users\\mjiya\\Desktop\\SD3\\groupLab\\2026-group-lab-003\\public\\js\\student-dashboard.js","statementMap":{"0":{"start":{"line":3,"column":4},"end":{"line":3,"column":47}},"1":{"start":{"line":4,"column":4},"end":{"line":4,"column":22}},"2":{"start":{"line":5,"column":4},"end":{"line":5,"column":30}},"3":{"start":{"line":6,"column":4},"end":{"line":6,"column":30}},"4":{"start":{"line":8,"column":4},"end":{"line":8,"column":15}},"5":{"start":{"line":13,"column":4},"end":{"line":13,"column":29}},"6":{"start":{"line":14,"column":4},"end":{"line":14,"column":29}},"7":{"start":{"line":15,"column":4},"end":{"line":15,"column":30}},"8":{"start":{"line":16,"column":4},"end":{"line":16,"column":29}},"9":{"start":{"line":17,"column":4},"end":{"line":17,"column":22}},"10":{"start":{"line":18,"column":4},"end":{"line":18,"column":30}},"11":{"start":{"line":19,"column":4},"end":{"line":19,"column":23}},"12":{"start":{"line":23,"column":27},"end":{"line":23,"column":75}},"13":{"start":{"line":24,"column":26},"end":{"line":24,"column":73}},"14":{"start":{"line":25,"column":28},"end":{"line":25,"column":77}},"15":{"start":{"line":26,"column":27},"end":{"line":26,"column":75}},"16":{"start":{"line":27,"column":25},"end":{"line":27,"column":71}},"17":{"start":{"line":28,"column":24},"end":{"line":28,"column":71}},"18":{"start":{"line":29,"column":24},"end":{"line":29,"column":71}},"19":{"start":{"line":30,"column":22},"end":{"line":30,"column":67}},"20":{"start":{"line":31,"column":23},"end":{"line":31,"column":69}},"21":{"start":{"line":32,"column":24},"end":{"line":32,"column":71}},"22":{"start":{"line":33,"column":22},"end":{"line":33,"column":67}},"23":{"start":{"line":34,"column":24},"end":{"line":34,"column":71}},"24":{"start":{"line":35,"column":32},"end":{"line":35,"column":88}},"25":{"start":{"line":39,"column":4},"end":{"line":39,"column":81}},"26":{"start":{"line":39,"column":55},"end":{"line":39,"column":80}},"27":{"start":{"line":40,"column":4},"end":{"line":40,"column":81}},"28":{"start":{"line":40,"column":55},"end":{"line":40,"column":80}},"29":{"start":{"line":41,"column":4},"end":{"line":41,"column":79}},"30":{"start":{"line":41,"column":53},"end":{"line":41,"column":78}},"31":{"start":{"line":42,"column":4},"end":{"line":42,"column":99}},"32":{"start":{"line":42,"column":67},"end":{"line":42,"column":92}},"33":{"start":{"line":45,"column":4},"end":{"line":50,"column":6}},"34":{"start":{"line":46,"column":6},"end":{"line":46,"column":31}},"35":{"start":{"line":47,"column":6},"end":{"line":47,"column":24}},"36":{"start":{"line":48,"column":6},"end":{"line":48,"column":32}},"37":{"start":{"line":49,"column":6},"end":{"line":49,"column":25}},"38":{"start":{"line":52,"column":4},"end":{"line":52,"column":101}},"39":{"start":{"line":52,"column":83},"end":{"line":52,"column":100}},"40":{"start":{"line":53,"column":4},"end":{"line":55,"column":6}},"41":{"start":{"line":54,"column":6},"end":{"line":54,"column":59}},"42":{"start":{"line":54,"column":42},"end":{"line":54,"column":59}},"43":{"start":{"line":59,"column":4},"end":{"line":59,"column":23}},"44":{"start":{"line":63,"column":4},"end":{"line":63,"column":45}},"45":{"start":{"line":68,"column":24},"end":{"line":68,"column":67}},"46":{"start":{"line":69,"column":4},"end":{"line":72,"column":5}},"47":{"start":{"line":70,"column":6},"end":{"line":70,"column":51}},"48":{"start":{"line":71,"column":6},"end":{"line":71,"column":12}},"49":{"start":{"line":73,"column":22},"end":{"line":73,"column":63}},"50":{"start":{"line":74,"column":4},"end":{"line":77,"column":5}},"51":{"start":{"line":75,"column":6},"end":{"line":75,"column":49}},"52":{"start":{"line":76,"column":6},"end":{"line":76,"column":12}},"53":{"start":{"line":78,"column":4},"end":{"line":78,"column":30}},"54":{"start":{"line":82,"column":4},"end":{"line":117,"column":5}},"55":{"start":{"line":83,"column":6},"end":{"line":83,"column":97}},"56":{"start":{"line":86,"column":19},"end":{"line":86,"column":123}},"57":{"start":{"line":89,"column":6},"end":{"line":92,"column":7}},"58":{"start":{"line":90,"column":8},"end":{"line":90,"column":123}},"59":{"start":{"line":91,"column":8},"end":{"line":91,"column":14}},"60":{"start":{"line":95,"column":27},"end":{"line":95,"column":37}},"61":{"start":{"line":96,"column":23},"end":{"line":96,"column":77}},"62":{"start":{"line":97,"column":25},"end":{"line":97,"column":46}},"63":{"start":{"line":98,"column":6},"end":{"line":98,"column":56}},"64":{"start":{"line":101,"column":6},"end":{"line":112,"column":8}},"65":{"start":{"line":102,"column":8},"end":{"line":111,"column":9}},"66":{"start":{"line":114,"column":6},"end":{"line":114,"column":62}},"67":{"start":{"line":115,"column":6},"end":{"line":115,"column":24}},"68":{"start":{"line":116,"column":6},"end":{"line":116,"column":109}},"69":{"start":{"line":122,"column":19},"end":{"line":122,"column":42}},"70":{"start":{"line":123,"column":19},"end":{"line":123,"column":42}},"71":{"start":{"line":124,"column":17},"end":{"line":124,"column":38}},"72":{"start":{"line":125,"column":23},"end":{"line":125,"column":66}},"73":{"start":{"line":127,"column":4},"end":{"line":148,"column":6}},"74":{"start":{"line":128,"column":6},"end":{"line":128,"column":69}},"75":{"start":{"line":128,"column":57},"end":{"line":128,"column":69}},"76":{"start":{"line":129,"column":6},"end":{"line":129,"column":73}},"77":{"start":{"line":129,"column":61},"end":{"line":129,"column":73}},"78":{"start":{"line":131,"column":6},"end":{"line":140,"column":7}},"79":{"start":{"line":132,"column":28},"end":{"line":132,"column":40}},"80":{"start":{"line":133,"column":22},"end":{"line":133,"column":60}},"81":{"start":{"line":134,"column":25},"end":{"line":134,"column":43}},"82":{"start":{"line":136,"column":8},"end":{"line":136,"column":67}},"83":{"start":{"line":136,"column":55},"end":{"line":136,"column":67}},"84":{"start":{"line":137,"column":8},"end":{"line":137,"column":73}},"85":{"start":{"line":137,"column":61},"end":{"line":137,"column":73}},"86":{"start":{"line":138,"column":8},"end":{"line":138,"column":79}},"87":{"start":{"line":138,"column":67},"end":{"line":138,"column":79}},"88":{"start":{"line":139,"column":8},"end":{"line":139,"column":79}},"89":{"start":{"line":139,"column":67},"end":{"line":139,"column":79}},"90":{"start":{"line":142,"column":6},"end":{"line":145,"column":7}},"91":{"start":{"line":143,"column":26},"end":{"line":143,"column":122}},"92":{"start":{"line":144,"column":8},"end":{"line":144,"column":57}},"93":{"start":{"line":144,"column":45},"end":{"line":144,"column":57}},"94":{"start":{"line":147,"column":6},"end":{"line":147,"column":17}},"95":{"start":{"line":150,"column":4},"end":{"line":154,"column":6}},"96":{"start":{"line":151,"column":20},"end":{"line":151,"column":51}},"97":{"start":{"line":152,"column":20},"end":{"line":152,"column":51}},"98":{"start":{"line":153,"column":6},"end":{"line":153,"column":26}},"99":{"start":{"line":156,"column":4},"end":{"line":156,"column":17}},"100":{"start":{"line":160,"column":20},"end":{"line":160,"column":93}},"101":{"start":{"line":160,"column":55},"end":{"line":160,"column":67}},"102":{"start":{"line":161,"column":4},"end":{"line":161,"column":76}},"103":{"start":{"line":162,"column":4},"end":{"line":167,"column":6}},"104":{"start":{"line":163,"column":21},"end":{"line":163,"column":53}},"105":{"start":{"line":164,"column":6},"end":{"line":164,"column":27}},"106":{"start":{"line":165,"column":6},"end":{"line":165,"column":33}},"107":{"start":{"line":166,"column":6},"end":{"line":166,"column":43}},"108":{"start":{"line":172,"column":18},"end":{"line":172,"column":56}},"109":{"start":{"line":174,"column":4},"end":{"line":174,"column":116}},"110":{"start":{"line":174,"column":65},"end":{"line":174,"column":108}},"111":{"start":{"line":175,"column":4},"end":{"line":175,"column":150}},"112":{"start":{"line":175,"column":64},"end":{"line":175,"column":142}},"113":{"start":{"line":176,"column":4},"end":{"line":176,"column":98}},"114":{"start":{"line":176,"column":66},"end":{"line":176,"column":90}},"115":{"start":{"line":177,"column":4},"end":{"line":177,"column":96}},"116":{"start":{"line":177,"column":65},"end":{"line":177,"column":88}},"117":{"start":{"line":182,"column":20},"end":{"line":182,"column":87}},"118":{"start":{"line":183,"column":4},"end":{"line":183,"column":84}},"119":{"start":{"line":187,"column":4},"end":{"line":193,"column":5}},"120":{"start":{"line":188,"column":6},"end":{"line":188,"column":38}},"121":{"start":{"line":189,"column":6},"end":{"line":189,"column":48}},"122":{"start":{"line":191,"column":6},"end":{"line":191,"column":45}},"123":{"start":{"line":192,"column":6},"end":{"line":192,"column":102}},"124":{"start":{"line":192,"column":67},"end":{"line":192,"column":92}},"125":{"start":{"line":197,"column":24},"end":{"line":197,"column":53}},"126":{"start":{"line":198,"column":24},"end":{"line":198,"column":50}},"127":{"start":{"line":199,"column":21},"end":{"line":199,"column":49}},"128":{"start":{"line":201,"column":4},"end":{"line":229,"column":9}},"129":{"start":{"line":233,"column":20},"end":{"line":233,"column":56}},"130":{"start":{"line":233,"column":44},"end":{"line":233,"column":55}},"131":{"start":{"line":234,"column":4},"end":{"line":234,"column":24}},"132":{"start":{"line":234,"column":18},"end":{"line":234,"column":24}},"133":{"start":{"line":236,"column":17},"end":{"line":238,"column":6}},"134":{"start":{"line":240,"column":21},"end":{"line":240,"column":49}},"135":{"start":{"line":242,"column":4},"end":{"line":271,"column":9}},"136":{"start":{"line":273,"column":4},"end":{"line":273,"column":48}},"137":{"start":{"line":278,"column":4},"end":{"line":291,"column":5}},"138":{"start":{"line":279,"column":6},"end":{"line":290,"column":7}},"139":{"start":{"line":280,"column":25},"end":{"line":280,"column":81}},"140":{"start":{"line":281,"column":8},"end":{"line":287,"column":9}},"141":{"start":{"line":282,"column":10},"end":{"line":282,"column":35}},"142":{"start":{"line":283,"column":10},"end":{"line":283,"column":28}},"143":{"start":{"line":284,"column":10},"end":{"line":284,"column":29}},"144":{"start":{"line":286,"column":10},"end":{"line":286,"column":66}},"145":{"start":{"line":289,"column":8},"end":{"line":289,"column":56}},"146":{"start":{"line":296,"column":4},"end":{"line":296,"column":29}},"147":{"start":{"line":296,"column":15},"end":{"line":296,"column":29}},"148":{"start":{"line":297,"column":29},"end":{"line":297,"column":44}},"149":{"start":{"line":298,"column":14},"end":{"line":298,"column":29}},"150":{"start":{"line":299,"column":19},"end":{"line":299,"column":40}},"151":{"start":{"line":300,"column":24},"end":{"line":300,"column":60}},"152":{"start":{"line":301,"column":4},"end":{"line":301,"column":48}},"153":{"start":{"line":305,"column":21},"end":{"line":305,"column":31}},"154":{"start":{"line":306,"column":4},"end":{"line":306,"column":44}},"155":{"start":{"line":307,"column":4},"end":{"line":307,"column":47}},"156":{"start":{"line":311,"column":4},"end":{"line":311,"column":30}},"157":{"start":{"line":311,"column":18},"end":{"line":311,"column":30}},"158":{"start":{"line":312,"column":17},"end":{"line":312,"column":34}},"159":{"start":{"line":313,"column":18},"end":{"line":313,"column":28}},"160":{"start":{"line":314,"column":24},"end":{"line":314,"column":39}},"161":{"start":{"line":315,"column":4},"end":{"line":315,"column":57}},"162":{"start":{"line":316,"column":22},"end":{"line":316,"column":43}},"163":{"start":{"line":317,"column":4},"end":{"line":317,"column":48}},"164":{"start":{"line":318,"column":4},"end":{"line":318,"column":39}},"165":{"start":{"line":319,"column":4},"end":{"line":319,"column":51}},"166":{"start":{"line":323,"column":4},"end":{"line":323,"column":30}},"167":{"start":{"line":323,"column":18},"end":{"line":323,"column":30}},"168":{"start":{"line":324,"column":17},"end":{"line":324,"column":34}},"169":{"start":{"line":325,"column":18},"end":{"line":325,"column":28}},"170":{"start":{"line":326,"column":28},"end":{"line":326,"column":43}},"171":{"start":{"line":327,"column":4},"end":{"line":327,"column":65}},"172":{"start":{"line":328,"column":26},"end":{"line":328,"column":51}},"173":{"start":{"line":329,"column":4},"end":{"line":329,"column":56}},"174":{"start":{"line":330,"column":4},"end":{"line":330,"column":43}},"175":{"start":{"line":331,"column":4},"end":{"line":331,"column":59}},"176":{"start":{"line":335,"column":4},"end":{"line":335,"column":23}},"177":{"start":{"line":335,"column":14},"end":{"line":335,"column":23}},"178":{"start":{"line":336,"column":16},"end":{"line":336,"column":45}},"179":{"start":{"line":337,"column":4},"end":{"line":337,"column":25}},"180":{"start":{"line":338,"column":4},"end":{"line":338,"column":24}},"181":{"start":{"line":343,"column":4},"end":{"line":346,"column":5}},"182":{"start":{"line":344,"column":6},"end":{"line":344,"column":25}},"183":{"start":{"line":345,"column":6},"end":{"line":345,"column":59}},"184":{"start":{"line":345,"column":31},"end":{"line":345,"column":51}},"185":{"start":{"line":351,"column":0},"end":{"line":356,"column":1}},"186":{"start":{"line":352,"column":26},"end":{"line":352,"column":54}},"187":{"start":{"line":353,"column":2},"end":{"line":353,"column":42}},"188":{"start":{"line":355,"column":2},"end":{"line":355,"column":45}}},"fnMap":{"0":{"name":"(anonymous_0)","decl":{"start":{"line":2,"column":2},"end":{"line":2,"column":3}},"loc":{"start":{"line":2,"column":17},"end":{"line":9,"column":3}},"line":2},"1":{"name":"(anonymous_1)","decl":{"start":{"line":12,"column":2},"end":{"line":12,"column":3}},"loc":{"start":{"line":12,"column":16},"end":{"line":20,"column":3}},"line":12},"2":{"name":"(anonymous_2)","decl":{"start":{"line":23,"column":2},"end":{"line":23,"column":3}},"loc":{"start":{"line":23,"column":25},"end":{"line":23,"column":77}},"line":23},"3":{"name":"(anonymous_3)","decl":{"start":{"line":24,"column":2},"end":{"line":24,"column":3}},"loc":{"start":{"line":24,"column":24},"end":{"line":24,"column":75}},"line":24},"4":{"name":"(anonymous_4)","decl":{"start":{"line":25,"column":2},"end":{"line":25,"column":3}},"loc":{"start":{"line":25,"column":26},"end":{"line":25,"column":79}},"line":25},"5":{"name":"(anonymous_5)","decl":{"start":{"line":26,"column":2},"end":{"line":26,"column":3}},"loc":{"start":{"line":26,"column":25},"end":{"line":26,"column":77}},"line":26},"6":{"name":"(anonymous_6)","decl":{"start":{"line":27,"column":2},"end":{"line":27,"column":3}},"loc":{"start":{"line":27,"column":23},"end":{"line":27,"column":73}},"line":27},"7":{"name":"(anonymous_7)","decl":{"start":{"line":28,"column":2},"end":{"line":28,"colum
[...]
column":0},"end":{"line":20,"column":23}},"13":{"start":{"line":22,"column":0},"end":{"line":22,"column":33}},"14":{"start":{"line":24,"column":0},"end":{"line":24,"column":39}},"15":{"start":{"line":27,"column":0},"end":{"line":62,"column":2}},"16":{"start":{"line":28,"column":2},"end":{"line":61,"column":3}},"17":{"start":{"line":29,"column":63},"end":{"line":29,"column":71}},"18":{"start":{"line":32,"column":4},"end":{"line":34,"column":5}},"19":{"start":{"line":33,"column":6},"end":{"line":33,"column":87}},"20":{"start":{"line":37,"column":25},"end":{"line":37,"column":54}},"21":{"start":{"line":38,"column":4},"end":{"line":40,"column":5}},"22":{"start":{"line":39,"column":6},"end":{"line":39,"column":91}},"23":{"start":{"line":43,"column":27},"end":{"line":43,"column":66}},"24":{"start":{"line":45,"column":17},"end":{"line":52,"column":6}},"25":{"start":{"line":54,"column":4},"end":{"line":54,"column":21}},"26":{"start":{"line":56,"column":4},"end":{"line":56,"column":53}},"27":{"start":{"line":57,"column":4},"end":{"line":57,"column":72}},"28":{"start":{"line":59,"column":4},"end":{"line":59,"column":53}},"29":{"start":{"line":60,"column":4},"end":{"line":60,"column":64}},"30":{"start":{"line":65,"column":0},"end":{"line":92,"column":2}},"31":{"start":{"line":66,"column":2},"end":{"line":91,"column":3}},"32":{"start":{"line":67,"column":32},"end":{"line":67,"column":40}},"33":{"start":{"line":70,"column":17},"end":{"line":70,"column":73}},"34":{"start":{"line":73,"column":4},"end":{"line":75,"column":5}},"35":{"start":{"line":74,"column":6},"end":{"line":74,"column":91}},"36":{"start":{"line":78,"column":20},"end":{"line":78,"column":65}},"37":{"start":{"line":80,"column":4},"end":{"line":82,"column":5}},"38":{"start":{"line":81,"column":6},"end":{"line":81,"column":91}},"39":{"start":{"line":84,"column":4},"end":{"line":88,"column":6}},"40":{"start":{"line":90,"column":4},"end":{"line":90,"column":81}},"41":{"start":{"line":94,"column":0},"end":{"line":94,"column":20}}},"fnMap":{"0":{"name":"(anonymous_0)","decl":{"start":{"line":13,"column":13},"end":{"line":13,"column":14}},"loc":{"start":{"line":13,"column":27},"end":{"line":15,"column":1}},"line":13},"1":{"name":"(anonymous_1)","decl":{"start":{"line":27,"column":26},"end":{"line":27,"column":27}},"loc":{"start":{"line":27,"column":46},"end":{"line":62,"column":1}},"line":27},"2":{"name":"(anonymous_2)","decl":{"start":{"line":65,"column":23},"end":{"line":65,"column":24}},"loc":{"start":{"line":65,"column":43},"end":{"line":92,"column":1}},"line":65}},"branchMap":{"0":{"loc":{"start":{"line":32,"column":4},"end":{"line":34,"column":5}},"type":"if","locations":[{"start":{"line":32,"column":4},"end":{"line":34,"column":5}},{"start":{},"end":{}}],"line":32},"1":{"loc":{"start":{"line":32,"column":8},"end":{"line":32,"column":40}},"type":"binary-expr","locations":[{"start":{"line":32,"column":8},"end":{"line":32,"column":14}},{"start":{"line":32,"column":18},"end":{"line":32,"column":27}},{"start":{"line":32,"column":31},"end":{"line":32,"column":40}}],"line":32},"2":{"loc":{"start":{"line":38,"column":4},"end":{"line":40,"column":5}},"type":"if","locations":[{"start":{"line":38,"column":4},"end":{"line":40,"column":5}},{"start":{},"end":{}}],"line":38},"3":{"loc":{"start":{"line":73,"column":4},"end":{"line":75,"column":5}},"type":"if","locations":[{"start":{"line":73,"column":4},"end":{"line":75,"column":5}},{"start":{},"end":{}}],"line":73},"4":{"loc":{"start":{"line":80,"column":4},"end":{"line":82,"column":5}},"type":"if","locations":[{"start":{"line":80,"column":4},"end":{"line":82,"column":5}},{"start":{},"end":{}}],"line":80}},"s":{"0":2,"1":2,"2":2,"3":2,"4":2,"5":2,"6":2,"7":2,"8":2,"9":0,"10":2,"11":2,"12":2,"13":2,"14":2,"15":2,"16":3,"17":3,"18":3,"19":1,"20":2,"21":2,"22":1,"23":1,"24":1,"25":1,"26":1,"27":1,"28":0,"29":0,"30":2,"31":0,"32":0,"33":0,"34":0,"35":0,"36":0,"37":0,"38":0,"39":0,"40":0,"41":2},"f":{"0":0,"1":3,"2":0},"b":{"0":[1,2],"1":[3,3,2],"2":[1,1],"3":[0,0],"4":[0,0]},"_coverageSchema":"1a1c01bbd47fc00a2c39e90264f33305004495a9","hash":"1f8d32ffe9651aa37435725bd27b9a5cc0f321cd"}
,"C:\\Users\\mjiya\\Desktop\\SD3\\groupLab\\2026-group-lab-003\\src\\server.js": {"path":"C:\\Users\\mjiya\\Desktop\\SD3\\groupLab\\2026-group-lab-003\\src\\server.js","statementMap":{"0":{"start":{"line":1,"column":0},"end":{"line":1,"column":26}},"1":{"start":{"line":2,"column":13},"end":{"line":2,"column":28}},"2":{"start":{"line":5,"column":0},"end":{"line":5,"column":70}},"3":{"start":{"line":8,"column":12},"end":{"line":8,"column":28}},"4":{"start":{"line":9,"column":18},"end":{"line":9,"column":40}},"5":{"start":{"line":11,"column":13},"end":{"line":11,"column":37}},"6":{"start":{"line":14,"column":0},"end":{"line":24,"column":1}},"7":{"start":{"line":15,"column":2},"end":{"line":23,"column":6}},"8":{"start":{"line":17,"column":6},"end":{"line":19,"column":8}},"9":{"start":{"line":18,"column":8},"end":{"line":18,"column":68}},"10":{"start":{"line":22,"column":6},"end":{"line":22,"column":24}},"11":{"start":{"line":26,"column":0},"end":{"line":26,"column":20}}},"fnMap":{"0":{"name":"(anonymous_0)","decl":{"start":{"line":16,"column":10},"end":{"line":16,"column":11}},"loc":{"start":{"line":16,"column":16},"end":{"line":20,"column":5}},"line":16},"1":{"name":"(anonymous_1)","decl":{"start":{"line":17,"column":23},"end":{"line":17,"column":24}},"loc":{"start":{"line":17,"column":29},"end":{"line":19,"column":7}},"line":17},"2":{"name":"(anonymous_2)","decl":{"start":{"line":21,"column":11},"end":{"line":21,"column":12}},"loc":{"start":{"line":21,"column":20},"end":{"line":23,"column":5}},"line":21}},"branchMap":{"0":{"loc":{"start":{"line":11,"column":13},"end":{"line":11,"column":37}},"type":"binary-expr","locations":[{"start":{"line":11,"column":13},"end":{"line":11,"column":29}},{"start":{"line":11,"column":33},"end":{"line":11,"column":37}}],"line":11},"1":{"loc":{"start":{"line":14,"column":0},"end":{"line":24,"column":1}},"type":"if","locations":[{"start":{"line":14,"column":0},"end":{"line":24,"column":1}},{"start":{},"end":{}}],"line":14}},"s":{"0":1,"1":1,"2":1,"3":1,"4":1,"5":1,"6":1,"7":0,"8":0,"9":0,"10":0,"11":1},"f":{"0":0,"1":0,"2":0},"b":{"0":[1,0],"1":[0,1]},"_coverageSchema":"1a1c01bbd47fc00a2c39e90264f33305004495a9","hash":"d4d0b7526e3454e97a61a58dad1e3b98632ec262"}
,"C:\\Users\\mjiya\\Desktop\\SD3\\groupLab\\2026-group-lab-003\\src\\config\\db.js": {"path":"C:\\Users\\mjiya\\Desktop\\SD3\\groupLab\\2026-group-lab-003\\src\\config\\db.js","statementMap":{"0":{"start":{"line":1,"column":17},"end":{"line":1,"column":36}},"1":{"start":{"line":3,"column":18},"end":{"line":14,"column":1}},"2":{"start":{"line":4,"column":4},"end":{"line":13,"column":5}},"3":{"start":{"line":6,"column":21},"end":{"line":6,"column":68}},"4":{"start":{"line":8,"column":8},"end":{"line":8,"column":68}},"5":{"start":{"line":10,"column":8},"end":{"line":10,"column":71}},"6":{"start":{"line":12,"column":8},"end":{"line":12,"column":24}},"7":{"start":{"line":16,"column":0},"end":{"line":16,"column":27}}},"fnMap":{"0":{"name":"(anonymous_0)","decl":{"start":{"line":3,"column":18},"end":{"line":3,"column":19}},"loc":{"start":{"line":3,"column":30},"end":{"line":14,"column":1}},"line":3}},"branchMap":{},"s":{"0":1,"1":1,"2":0,"3":0,"4":0,"5":0,"6":0,"7":1},"f":{"0":0},"b":{},"_coverageSchema":"1a1c01bbd47fc00a2c39e90264f33305004495a9","hash":"a3fed11d5e7cfa9d77d0ed02e0139a76c8c59562"}
,"C:\\Users\\mjiya\\Desktop\\SD3\\groupLab\\2026-group-lab-003\\src\\middleware\\booking-validator.js": {"path":"C:\\Users\\mjiya\\Desktop\\SD3\\groupLab\\2026-group-lab-003\\src\\middleware\\booking-validator.js","statementMap":{"0":{"start":{"line":1,"column":30},"end":{"line":66,"column":1}},"1":{"start":{"line":2,"column":4},"end":{"line":65,"column":5}},"2":{"start":{"line":4,"column":67},"end":{"line":4,"column":75}},"3":{"start":{"line":6,"column":8},"end":{"line":11,"column":9}},"4":{"start":{"line":7,"column":12},"end":{"line":10,"column":15}},"5":{"start":{"line":13,"column":26},"end":{"line":13,"column":55}},"6":{"start":{"line":15,"column":8},"end":{"line":20,"column":9}},"7":{"start":{"line":16,"column":12},"end":{"line":19,"column":15}},"8":{"start":{"line":22,"column":30},"end":{"line":22,"column":37}},"9":{"start":{"line":23,"column":28},"end":{"line":23,"column":35}},"10":{"start":{"line":25,"column":8},"end":{"line":30,"column":9}},"11":{"start":{"line":26,"column":12},"end":{"line":29,"column":15}},"12":{"start":{"line":32,"column":8},"end":{"line":37,"column":9}},"13":{"start":{"line":33,"column":12},"end":{"line":36,"column":15}},"14":{"start":{"line":40,"column":28},"end":{"line":40,"column":29}},"15":{"start":{"line":41,"column":38},"end":{"line":41,"column":39}},"16":{"start":{"line":43,"column":8},"end":{"line":54,"column":9}},"17":{"start":{"line":44,"column":12},"end":{"line":47,"column":15}},"18":{"start":{"line":51,"column":13},"end":{"line":54,"column":9}},"19":{"start":{"line":53,"column":12},"end":{"line":53,"column":93}},"20":{"start":{"line":57,"column":8},"end":{"line":57,"column":15}},"21":{"start":{"line":60,"column":8},"end":{"line":60,"column":50}},"22":{"start":{"line":61,"column":8},"end":{"line":64,"column":11}},"23":{"start":{"line":68,"column":0},"end":{"line":68,"column":43}}},"fnMap":{"0":{"name":"(anonymous_0)","decl":{"start":{"line":1,"column":30},"end":{"line":1,"column":31}},"loc":{"start":{"line":1,"column":56},"end":{"line":66,"column":1}},"line":1}},"branchMap":{"0":{"loc":{"start":{"line":6,"column":8},"end":{"line":11,"column":9}},"type":"if","locations":[{"start":{"line":6,"column":8},"end":{"line":11,"column":9}},{"start":{},"end":{}}],"line":6},"1":{"loc":{"start":{"line":6,"column":12},"end":{"line":6,"column":49}},"type":"binary-expr","locations":[{"start":{"line":6,"column":12},"end":{"line":6,"column":22}},{"start":{"line":6,"column":26},"end":{"line":6,"column":34}},{"start":{"line":6,"column":38},"end":{"line":6,"column":49}}],"line":6},"2":{"loc":{"start":{"line":15,"column":8},"end":{"line":20,"column":9}},"type":"if","locations":[{"start":{"line":15,"column":8},"end":{"line":20,"column":9}},{"start":{},"end":{}}],"line":15},"3":{"loc":{"start":{"line":15,"column":12},"end":{"line":15,"column":66}},"type":"binary-expr","locations":[{"start":{"line":15,"column":12},"end":{"line":15,"column":38}},{"start":{"line":15,"column":42},"end":{"line":15,"column":66}}],"line":15},"4":{"loc":{"start":{"line":25,"column":8},"end":{"line":30,"column":9}},"type":"if","locations":[{"start":{"line":25,"column":8},"end":{"line":30,"column":9}},{"start":{},"end":{}}],"line":25},"5":{"loc":{"start":{"line":25,"column":12},"end":{"line":25,"column":62}},"type":"binary-expr","locations":[{"start":{"line":25,"column":12},"end":{"line":25,"column":37}},{"start":{"line":25,"column":41},"end":{"line":25,"column":62}}],"line":25},"6":{"loc":{"start":{"line":32,"column":8},"end":{"line":37,"column":9}},"type":"if","locations":[{"start":{"line":32,"column":8},"end":{"line":37,"column":9}},{"start":{},"end":{}}],"line":32},"7":{"loc":{"start":{"line":43,"column":8},"end":{"line":54,"column":9}},"type":"if","locations":[{"start":{"line":43,"column":8},"end":{"line":54,"column":9}},{"start":{"line":51,"column":13},"end":{"line":54,"column":9}}],"line":43},"8":{"loc":{"start":{"line":51,"column":13},"end":{"line":54,"column":9}},"type":"if","locations":[{"start":{"line":51,"column":13},"end":{"line":54,"column":9}},{"start":{},"end":{}}],"line":51}},"s":{"0":3,"1":4,"2":4,"3":4,"4":1,"5":3,"6":3,"7":1,"8":2,"9":2,"10":2,"11":0,"12":2,"13":1,"14":1,"15":1,"16":1,"17":1,"18":0,"19":0,"20":0,"21":0,"22":0,"23":3},"f":{"0":4},"b":{"0":[1,3],"1":[4,4,3],"2":[1,2],"3":[3,2],"4":[0,2],"5":[2,2],"6":[1,1],"7":[1,0],"8":[0,0]},"_coverageSchema":"1a1c01bbd47fc00a2c39e90264f33305004495a9","hash":"56fd83dd56638e9a169b42b0bb157b400d7c8002"}
,"C:\\Users\\mjiya\\Desktop\\SD3\\groupLab\\2026-group-lab-003\\src\\models\\Availability.js": {"path":"C:\\Users\\mjiya\\Desktop\\SD3\\groupLab\\2026-group-lab-003\\src\\models\\Availability.js","statementMap":{"0":{"start":{"line":1,"column":17},"end":{"line":1,"column":36}},"1":{"start":{"line":3,"column":23},"end":{"line":6,"column":2}},"2":{"start":{"line":8,"column":26},"end":{"line":11,"column":2}},"3":{"start":{"line":13,"column":27},"end":{"line":18,"column":2}},"4":{"start":{"line":20,"column":0},"end":{"line":20,"column":68}}},"fnMap":{},"branchMap":{},"s":{"0":3,"1":3,"2":3,"3":3,"4":3},"f":{},"b":{},"_coverageSchema":"1a1c01bbd47fc00a2c39e90264f33305004495a9","hash":"c702d0b5e3811be6274f388272dd1a02cf4479c0"}
,"C:\\Users\\mjiya\\Desktop\\SD3\\groupLab\\2026-group-lab-003\\src\\models\\booking.js": {"path":"C:\\Users\\mjiya\\Desktop\\SD3\\groupLab\\2026-group-lab-003\\src\\models\\booking.js","statementMap":{"0":{"start":{"line":1,"column":17},"end":{"line":1,"column":36}},"1":{"start":{"line":3,"column":22},"end":{"line":37,"column":2}},"2":{"start":{"line":39,"column":16},"end":{"line":39,"column":56}},"3":{"start":{"line":40,"column":0},"end":{"line":40,"column":24}}},"fnMap":{},"branchMap":{},"s":{"0":3,"1":3,"2":3,"3":3},"f":{},"b":{},"_coverageSchema":"1a1c01bbd47fc00a2c39e90264f33305004495a9","hash":"db8f0fd215e8fbe7576cce652f198d4e0e2180f1"}
,"C:\\Users\\mjiya\\Desktop\\SD3\\groupLab\\2026-group-lab-003\\src\\models\\user.js": {"path":"C:\\Users\\mjiya\\Desktop\\SD3\\groupLab\\2026-group-lab-003\\src\\models\\user.js","statementMap":{"0":{"start":{"line":1,"column":17},"end":{"line":1,"column":36}},"1":{"start":{"line":3,"column":19},"end":{"line":40,"column":2}},"2":{"start":{"line":42,"column":0},"end":{"line":42,"column":51}}},"fnMap":{},"branchMap":{},"s":{"0":2,"1":2,"2":2},"f":{},"b":{},"_coverageSchema":"1a1c01bbd47fc00a2c39e90264f33305004495a9","hash":"c1f9f860107ba3e6b8e6081b60e4745fa1511ecd"}
,"C:\\Users\\mjiya\\Desktop\\SD3\\groupLab\\2026-group-lab-003\\src\\routes\\bookings.js": {"path":"C:\\Users\\mjiya\\Desktop\\SD3\\groupLab\\2026-group-lab-003\\src\\routes\\bookings.js","statementMap":{"0":{"start":{"line":2,"column":16},"end":{"line":2,"column":34}},"1":{"start":{"line":3,"column":15},"end":{"line":3,"column":31}},"2":{"start":{"line":6,"column":34},"end":{"line":6,"column":76}},"3":{"start":{"line":9,"column":0},"end":{"line":18,"column":2}},"4":{"start":{"line":14,"column":2},"end":{"line":17,"column":4}},"5":{"start":{"line":21,"column":21},"end":{"line":21,"column":54}},"6":{"start":{"line":22,"column":16},"end":{"line":22,"column":44}},"7":{"start":{"line":25,"column":0},"end":{"line":59,"column":2}},"8":{"start":{"line":26,"column":2},"end":{"line":58,"column":3}},"9":{"start":{"line":27,"column":33},"end":{"line":27,"column":42}},"10":{"start":{"line":28,"column":20},"end":{"line":28,"column":34}},"11":{"start":{"line":29,"column":22},"end":{"line":29,"column":38}},"12":{"start":{"line":31,"column":25},"end":{"line":31,"column":82}},"13":{"start":{"line":33,"column":4},"end":{"line":35,"column":5}},"14":{"start":{"line":34,"column":6},"end":{"line":34,"column":80}},"15":{"start":{"line":37,"column":24},"end":{"line":37,"column":88}},"16":{"start":{"line":37,"column":62},"end":{"line":37,"column":87}},"17":{"start":{"line":39,"column":4},"end":{"line":41,"column":5}},"18":{"start":{"line":40,"column":6},"end":{"line":40,"column":99}},"19":{"start":{"line":43,"column":29},"end":{"line":47,"column":6}},"20":{"start":{"line":48,"column":24},"end":{"line":48,"column":62}},"21":{"start":{"line":48,"column":50},"end":{"line":48,"column":61}},"22":{"start":{"line":50,"column":4},"end":{"line":54,"column":6}},"23":{"start":{"line":56,"column":4},"end":{"line":56,"column":24}},"24":{"start":{"line":57,"column":4},"end":{"line":57,"column":74}},"25":{"start":{"line":62,"column":0},"end":{"line":82,"column":2}},"26":{"start":{"line":63,"column":2},"end":{"line":81,"column":3}},"27":{"start":{"line":65,"column":23},"end":{"line":74,"column":6}},"28":{"start":{"line":76,"column":4},"end":{"line":76,"column":27}},"29":{"start":{"line":77,"column":4},"end":{"line":77,"column":81}},"30":{"start":{"line":79,"column":4},"end":{"line":79,"column":24}},"31":{"start":{"line":80,"column":4},"end":{"line":80,"column":63}},"32":{"start":{"line":85,"column":0},"end":{"line":102,"column":2}},"33":{"start":{"line":86,"column":2},"end":{"line":101,"column":3}},"34":{"start":{"line":87,"column":26},"end":{"line":87,"column":35}},"35":{"start":{"line":89,"column":4},"end":{"line":91,"column":5}},"36":{"start":{"line":90,"column":6},"end":{"line":90,"column":71}},"37":{"start":{"line":94,"column":21},"end":{"line":95,"column":38}},"38":{"start":{"line":97,"column":4},"end":{"line":97,"column":22}},"39":{"start":{"line":99,"column":4},"end":{"line":99,"column":24}},"40":{"start":{"line":100,"column":4},"end":{"line":100,"column":63}},"41":{"start":{"line":105,"column":0},"end":{"line":114,"column":2}},"42":{"start":{"line":106,"column":2},"end":{"line":113,"column":3}},"43":{"start":{"line":108,"column":4},"end":{"line":108,"column":74}},"44":{"start":{"line":109,"column":4},"end":{"line":109,"column":58}},"45":{"start":{"line":111,"column":4},"end":{"line":111,"column":24}},"46":{"start":{"line":112,"column":4},"end":{"line":112,"column":63}},"47":{"start":{"line":116,"column":0},"end":{"line":116,"column":23}}},"fnMap":{"0":{"name":"(anonymous_0)","decl":{"start":{"line":9,"column":46},"end":{"line":9,"column":47}},"loc":{"start":{"line":9,"column":60},"end":{"line":18,"column":1}},"line":9},"1":{"name":"(anonymous_1)","decl":{"start":{"line":25,"column":28},"end":{"line":25,"column":29}},"loc":{"start":{"line":25,"column":48},"end":{"line":59,"column":1}},"line":25},"2":{"name":"(anonymous_2)","decl":{"start":{"line":37,"column":57},"end":{"line":37,"column":58}},"loc":{"start":{"line":37,"column":62},"end":{"line":37,"column":87}},"line":37},"3":{"name":"(anonymous_3)","decl":{"start":{"line":48,"column":45},"end":{"line":48,"column":46}},"loc":{"start":{"line":48,"column":50},"end":{"line":48,"column":61}},"line":48},"4":{"name":"(anonymous_4)","decl":{"start":{"line":62,"column":17},"end":{"line":62,"column":18}},"loc":{"start":{"line":62,"column":37},"end":{"line":82,"column":1}},"line":62},"5":{"name":"(anonymous_5)","decl":{"start":{"line":85,"column":16},"end":{"line":85,"column":17}},"loc":{"start":{"line":85,"column":36},"end":{"line":102,"column":1}},"line":85},"6":{"name":"(anonymous_6)","decl":{"start":{"line":105,"column":22},"end":{"line":105,"column":23}},"loc":{"start":{"line":105,"column":42},"end":{"line":114,"column":1}},"line":105}},"branchMap":{"0":{"loc":{"start":{"line":33,"column":4},"end":{"line":35,"column":5}},"type":"if","locations":[{"start":{"line":33,"column":4},"end":{"line":35,"column":5}},{"start":{},"end":{}}],"line":33},"1":{"loc":{"start":{"line":39,"column":4},"end":{"line":41,"column":5}},"type":"if","locations":[{"start":{"line":39,"column":4},"end":{"line":41,"column":5}},{"start":{},"end":{}}],"line":39},"2":{"loc":{"start":{"line":39,"column":8},"end":{"line":39,"column":54}},"type":"binary-expr","locations":[{"start":{"line":39,"column":8},"end":{"line":39,"column":20}},{"start":{"line":39,"column":24},"end":{"line":39,"column":54}}],"line":39},"3":{"loc":{"start":{"line":89,"column":4},"end":{"line":91,"column":5}},"type":"if","locations":[{"start":{"line":89,"column":4},"end":{"line":91,"column":5}},{"start":{},"end":{}}],"line":89}},"s":{"0":3,"1":3,"2":3,"3":3,"4":0,"5":3,"6":3,"7":3,"8":1,"9":1,"10":1,"11":1,"12":1,"13":1,"14":0,"15":1,"16":1,"17":1,"18":0,"19":1,"20":1,"21":1,"22":1,"23":0,"24":0,"25":3,"26":1,"27":1,"28":1,"29":1,"30":0,"31":0,"32":3,"33":0,"34":0,"35":0,"36":0,"37":0,"38":0,"39":0,"40":0,"41":3,"42":0,"43":0,"44":0,"45":0,"46":0,"47":3},"f":{"0":0,"1":1,"2":1,"3":1,"4":1,"5":0,"6":0},"b":{"0":[0,1],"1":[0,1],"2":[1,1],"3":[0,0]},"_coverageSchema":"1a1c01bbd47fc00a2c39e90264f33305004495a9","hash":"248a19b496f03d362b4b3774cfd6336e25f20f05"}
}
