TN:
SF:public\js\booking-conflict-checker-testable.js
FN:2,(anonymous_0)
FN:15,(anonymous_1)
FN:70,(anonymous_2)
FN:110,(anonymous_3)
FN:127,(anonymous_4)
FN:156,(anonymous_5)
FN:212,(anonymous_6)
FN:217,(anonymous_7)
FN:223,(anonymous_8)
FN:229,(anonymous_9)
FN:233,(anonymous_10)
FN:242,(anonymous_11)
FNF:12
FNH:12
FNDA:24,(anonymous_0)
FNDA:8,(anonymous_1)
FNDA:4,(anonymous_2)
FNDA:2,(anonymous_3)
FNDA:1,(anonymous_4)
FNDA:3,(anonymous_5)
FNDA:14,(anonymous_6)
FNDA:31,(anonymous_7)
FNDA:5,(anonymous_8)
FNDA:13,(anonymous_9)
FNDA:7,(anonymous_10)
FNDA:4,(anonymous_11)
DA:3,24
DA:16,8
DA:17,8
DA:19,8
DA:20,8
DA:22,8
DA:24,7
DA:27,6
DA:30,5
DA:33,5
DA:36,4
DA:37,4
DA:39,4
DA:40,3
DA:44,8
DA:45,3
DA:53,5
DA:71,4
DA:73,4
DA:74,4
DA:76,4
DA:77,3
DA:78,3
DA:79,3
DA:80,2
DA:82,2
DA:83,2
DA:85,2
DA:86,1
DA:94,3
DA:111,2
DA:112,2
DA:115,2
DA:116,3
DA:117,3
DA:118,3
DA:120,3
DA:127,2
DA:130,2
DA:131,2
DA:132,2
DA:134,2
DA:136,2
DA:137,3
DA:138,2
DA:140,3
DA:144,2
DA:145,1
DA:148,2
DA:157,3
DA:158,3
DA:161,3
DA:162,3
DA:163,3
DA:164,3
DA:165,3
DA:167,3
DA:168,1
DA:172,2
DA:180,2
DA:181,1
DA:185,2
DA:193,2
DA:194,0
DA:198,2
DA:199,2
DA:200,2
DA:203,2
DA:213,14
DA:214,14
DA:218,31
DA:219,30
DA:220,30
DA:224,5
DA:225,5
DA:226,5
DA:230,13
DA:234,7
DA:235,7
DA:236,7
DA:237,7
DA:238,7
DA:239,7
DA:243,4
DA:252,1
LF:85
LH:84
BRDA:15,0,0,5
BRDA:24,1,0,1
BRDA:24,1,1,6
BRDA:24,2,0,7
BRDA:24,2,1,1
BRDA:27,3,0,1
BRDA:27,3,1,5
BRDA:30,4,0,0
BRDA:30,4,1,5
BRDA:33,5,0,1
BRDA:33,5,1,4
BRDA:37,6,0,4
BRDA:37,6,1,0
BRDA:39,7,0,3
BRDA:39,7,1,1
BRDA:44,8,0,3
BRDA:44,8,1,5
BRDA:70,9,0,2
BRDA:77,10,0,0
BRDA:77,10,1,3
BRDA:77,11,0,3
BRDA:77,11,1,0
BRDA:78,12,0,0
BRDA:78,12,1,3
BRDA:79,13,0,1
BRDA:79,13,1,2
BRDA:80,14,0,0
BRDA:80,14,1,2
BRDA:83,15,0,2
BRDA:83,15,1,0
BRDA:85,16,0,1
BRDA:85,16,1,1
BRDA:110,17,0,0
BRDA:110,18,0,0
BRDA:116,19,0,0
BRDA:116,19,1,3
BRDA:117,20,0,0
BRDA:117,20,1,3
BRDA:118,21,0,0
BRDA:118,21,1,3
BRDA:122,22,0,3
BRDA:122,22,1,0
BRDA:137,23,0,2
BRDA:137,23,1,1
BRDA:144,24,0,1
BRDA:144,24,1,1
BRDA:161,25,0,1
BRDA:161,25,1,2
BRDA:162,26,0,1
BRDA:162,26,1,2
BRDA:163,27,0,1
BRDA:163,27,1,2
BRDA:164,28,0,1
BRDA:164,28,1,2
BRDA:165,29,0,1
BRDA:165,29,1,2
BRDA:167,30,0,1
BRDA:167,30,1,2
BRDA:177,31,0,2
BRDA:177,31,1,2
BRDA:180,32,0,1
BRDA:180,32,1,1
BRDA:190,33,0,2
BRDA:190,33,1,2
BRDA:193,34,0,0
BRDA:193,34,1,2
BRDA:199,35,0,2
BRDA:199,35,1,0
BRDA:214,36,0,12
BRDA:214,36,1,2
BRDA:218,37,0,1
BRDA:218,37,1,30
BRDA:230,38,0,13
BRDA:230,38,1,11
BRDA:234,39,0,0
BRDA:234,39,1,7
BRDA:237,40,0,1
BRDA:237,40,1,6
BRDA:238,41,0,1
BRDA:238,41,1,6
BRDA:238,42,0,0
BRDA:238,42,1,6
BRDA:243,43,0,4
BRDA:243,43,1,0
BRDA:245,44,0,4
BRDA:245,44,1,0
BRDA:245,45,0,4
BRDA:245,45,1,0
BRF:88
BRH:68
end_of_record
TN:
SF:public\js\lecturer-dashboard-testable.js
FN:2,(anonymous_0)
FN:12,(anonymous_1)
FN:24,(anonymous_2)
FN:25,(anonymous_3)
FN:26,(anonymous_4)
FN:27,(anonymous_5)
FN:28,(anonymous_6)
FN:29,(anonymous_7)
FN:30,(anonymous_8)
FN:31,(anonymous_9)
FN:32,(anonymous_10)
FN:33,(anonymous_11)
FN:34,(anonymous_12)
FN:35,(anonymous_13)
FN:36,(anonymous_14)
FN:40,(anonymous_15)
FN:41,(anonymous_16)
FN:42,(anonymous_17)
FN:43,(anonymous_18)
FN:44,(anonymous_19)
FN:46,(anonymous_20)
FN:53,(anonymous_21)
FN:54,(anonymous_22)
FN:59,(anonymous_23)
FN:65,(anonymous_24)
FN:81,(anonymous_25)
FN:86,(anonymous_26)
FN:90,(anonymous_27)
FN:98,(anonymous_28)
FN:102,(anonymous_29)
FN:103,(anonymous_30)
FN:114,(anonymous_31)
FN:120,(anonymous_32)
FN:143,(anonymous_33)
FN:152,(anonymous_34)
FN:153,(anonymous_35)
FN:155,(anonymous_36)
FN:165,(anonymous_37)
FN:167,(anonymous_38)
FN:170,(anonymous_39)
FN:171,(anonymous_40)
FN:172,(anonymous_41)
FN:177,(anonymous_42)
FN:182,(anonymous_43)
FN:188,(anonymous_44)
FN:192,(anonymous_45)
FN:213,(anonymous_46)
FN:214,(anonymous_47)
FN:240,(anonymous_48)
FN:241,(anonymous_49)
FN:280,(anonymous_50)
FN:289,(anonymous_51)
FN:293,(anonymous_52)
FN:295,(anonymous_53)
FN:305,(anonymous_54)
FN:306,(anonymous_55)
FN:317,(anonymous_56)
FN:326,(anonymous_57)
FN:332,(anonymous_58)
FN:344,(anonymous_59)
FN:356,(anonymous_60)
FN:363,(anonymous_61)
FN:365,(anonymous_62)
FN:367,(anonymous_63)
FNF:64
FNH:52
FNDA:31,(anonymous_0)
FNDA:31,(anonymous_1)
FNDA:36,(anonymous_2)
FNDA:36,(anonymous_3)
FNDA:36,(anonymous_4)
FNDA:36,(anonymous_5)
FNDA:31,(anonymous_6)
FNDA:38,(anonymous_7)
FNDA:96,(anonymous_8)
FNDA:38,(anonymous_9)
FNDA:38,(anonymous_10)
FNDA:39,(anonymous_11)
FNDA:39,(anonymous_12)
FNDA:33,(anonymous_13)
FNDA:1,(anonymous_14)
FNDA:31,(anonymous_15)
FNDA:0,(anonymous_16)
FNDA:0,(anonymous_17)
FNDA:0,(anonymous_18)
FNDA:0,(anonymous_19)
FNDA:0,(anonymous_20)
FNDA:0,(anonymous_21)
FNDA:0,(anonymous_22)
FNDA:0,(anonymous_23)
FNDA:31,(anonymous_24)
FNDA:31,(anonymous_25)
FNDA:37,(anonymous_26)
FNDA:0,(anonymous_27)
FNDA:2,(anonymous_28)
FNDA:4,(anonymous_29)
FNDA:6,(anonymous_30)
FNDA:7,(anonymous_31)
FNDA:19,(anonymous_32)
FNDA:7,(anonymous_33)
FNDA:31,(anonymous_34)
FNDA:39,(anonymous_35)
FNDA:27,(anonymous_36)
FNDA:36,(anonymous_37)
FNDA:49,(anonymous_38)
FNDA:6,(anonymous_39)
FNDA:49,(anonymous_40)
FNDA:6,(anonymous_41)
FNDA:31,(anonymous_42)
FNDA:39,(anonymous_43)
FNDA:14,(anonymous_44)
FNDA:14,(anonymous_45)
FNDA:2,(anonymous_46)
FNDA:2,(anonymous_47)
FNDA:1,(anonymous_48)
FNDA:1,(anonymous_49)
FNDA:1,(anonymous_50)
FNDA:1,(anonymous_51)
FNDA:2,(anonymous_52)
FNDA:1,(anonymous_53)
FNDA:1,(anonymous_54)
FNDA:2,(anonymous_55)
FNDA:18,(anonymous_56)
FNDA:1,(anonymous_57)
FNDA:31,(anonymous_58)
FNDA:0,(anonymous_59)
FNDA:64,(anonymous_60)
FNDA:31,(anonymous_61)
FNDA:0,(anonymous_62)
FNDA:0,(anonymous_63)
DA:3,31
DA:4,31
DA:5,31
DA:6,31
DA:7,31
DA:9,31
DA:13,31
DA:14,31
DA:15,31
DA:16,31
DA:17,31
DA:18,31
DA:19,31
DA:24,36
DA:25,36
DA:26,36
DA:27,36
DA:28,31
DA:29,38
DA:30,96
DA:31,38
DA:32,38
DA:33,39
DA:34,39
DA:35,33
DA:36,1
DA:41,31
DA:42,31
DA:43,31
DA:44,31
DA:46,31
DA:47,0
DA:48,0
DA:49,0
DA:50,0
DA:53,31
DA:54,31
DA:55,0
DA:60,0
DA:66,31
DA:67,31
DA:68,16
DA:69,16
DA:72,15
DA:73,15
DA:74,1
DA:75,1
DA:78,14
DA:82,31
DA:83,31
DA:85,31
DA:86,17
DA:87,37
DA:89,14
DA:90,0
DA:91,0
DA:94,14
DA:99,2
DA:100,2
DA:102,2
DA:103,6
DA:104,4
DA:105,4
DA:109,2
DA:115,7
DA:116,7
DA:117,7
DA:118,7
DA:120,7
DA:121,19
DA:122,17
DA:124,16
DA:125,0
DA:126,0
DA:127,0
DA:129,0
DA:130,0
DA:131,0
DA:132,0
DA:135,16
DA:136,3
DA:137,3
DA:140,14
DA:143,7
DA:144,7
DA:145,7
DA:146,7
DA:149,7
DA:153,39
DA:154,31
DA:155,31
DA:156,27
DA:157,27
DA:158,27
DA:159,27
DA:166,36
DA:167,49
DA:169,36
DA:170,36
DA:171,49
DA:172,36
DA:178,31
DA:179,31
DA:183,39
DA:184,32
DA:185,32
DA:187,7
DA:188,14
DA:193,14
DA:194,14
DA:195,14
DA:196,14
DA:198,14
DA:214,2
DA:241,1
DA:242,1
DA:244,1
DA:248,1
DA:249,1
DA:251,1
DA:280,1
DA:286,1
DA:290,1
DA:294,2
DA:295,1
DA:296,1
DA:297,1
DA:298,1
DA:299,1
DA:300,1
DA:306,2
DA:307,1
DA:308,1
DA:309,1
DA:310,1
DA:311,1
DA:318,18
DA:319,17
DA:320,17
DA:321,17
DA:322,17
DA:323,17
DA:327,1
DA:328,1
DA:329,1
DA:333,31
DA:334,26
DA:335,26
DA:336,26
DA:337,26
DA:338,26
DA:339,26
DA:340,26
DA:341,26
DA:345,0
DA:346,0
DA:347,0
DA:348,0
DA:349,0
DA:350,0
DA:351,0
DA:352,0
DA:353,0
DA:357,64
DA:358,63
DA:359,63
DA:360,63
DA:365,31
DA:366,0
DA:367,0
DA:375,1
LF:171
LH:145
BRDA:55,0,0,0
BRDA:55,0,1,0
BRDA:67,1,0,16
BRDA:67,1,1,15
BRDA:73,2,0,1
BRDA:73,2,1,14
BRDA:83,3,0,16
BRDA:83,3,1,15
BRDA:85,4,0,17
BRDA:85,4,1,14
BRDA:85,5,0,31
BRDA:85,5,1,17
BRDA:89,6,0,0
BRDA:89,6,1,14
BRDA:89,7,0,14
BRDA:89,7,1,0
BRDA:100,8,0,2
BRDA:100,8,1,0
BRDA:104,9,0,4
BRDA:104,9,1,0
BRDA:121,10,0,2
BRDA:121,10,1,17
BRDA:121,11,0,19
BRDA:121,11,1,3
BRDA:122,12,0,1
BRDA:122,12,1,16
BRDA:122,13,0,17
BRDA:122,13,1,3
BRDA:124,14,0,0
BRDA:124,14,1,16
BRDA:129,15,0,0
BRDA:129,15,1,0
BRDA:129,16,0,0
BRDA:129,16,1,0
BRDA:130,17,0,0
BRDA:130,17,1,0
BRDA:130,18,0,0
BRDA:130,18,1,0
BRDA:131,19,0,0
BRDA:131,19,1,0
BRDA:131,20,0,0
BRDA:131,20,1,0
BRDA:132,21,0,0
BRDA:132,21,1,0
BRDA:132,22,0,0
BRDA:132,22,1,0
BRDA:135,23,0,3
BRDA:135,23,1,13
BRDA:136,24,0,3
BRDA:136,24,1,0
BRDA:136,25,0,3
BRDA:136,25,1,0
BRDA:136,26,0,3
BRDA:136,26,1,0
BRDA:137,27,0,2
BRDA:137,27,1,1
BRDA:170,28,0,6
BRDA:170,28,1,0
BRDA:171,29,0,49
BRDA:171,29,1,24
BRDA:171,29,2,29
BRDA:183,30,0,32
BRDA:183,30,1,7
BRDA:195,31,0,14
BRDA:195,31,1,10
BRDA:196,32,0,14
BRDA:196,32,1,14
BRDA:202,33,0,14
BRDA:202,33,1,14
BRDA:205,34,0,14
BRDA:205,34,1,0
BRDA:205,35,0,0
BRDA:205,35,1,14
BRDA:206,36,0,14
BRDA:206,36,1,4
BRDA:208,37,0,14
BRDA:208,37,1,0
BRDA:211,38,0,2
BRDA:211,38,1,12
BRDA:220,39,0,14
BRDA:220,39,1,0
BRDA:225,40,0,5
BRDA:225,40,1,9
BRDA:230,41,0,1
BRDA:230,41,1,13
BRDA:242,42,0,0
BRDA:242,42,1,1
BRDA:248,43,0,1
BRDA:248,43,1,0
BRDA:249,44,0,1
BRDA:249,44,1,0
BRDA:254,45,0,1
BRDA:254,45,1,0
BRDA:254,46,0,0
BRDA:254,46,1,1
BRDA:262,47,0,1
BRDA:262,47,1,0
BRDA:266,48,0,1
BRDA:266,48,1,0
BRDA:274,49,0,1
BRDA:274,49,1,0
BRDA:278,50,0,1
BRDA:278,50,1,0
BRDA:294,51,0,1
BRDA:294,51,1,1
BRDA:296,52,0,1
BRDA:296,52,1,0
BRDA:307,53,0,1
BRDA:307,53,1,0
BRDA:318,54,0,1
BRDA:318,54,1,17
BRDA:321,55,0,1
BRDA:321,55,1,16
BRDA:322,56,0,1
BRDA:322,56,1,16
BRDA:322,57,0,0
BRDA:322,57,1,16
BRDA:333,58,0,5
BRDA:333,58,1,26
BRDA:341,59,0,26
BRDA:341,59,1,7
BRDA:345,60,0,0
BRDA:345,60,1,0
BRDA:353,61,0,0
BRDA:353,61,1,0
BRDA:357,62,0,1
BRDA:357,62,1,63
BRF:127
BRH:80
end_of_record
TN:
SF:public\js\student-dashboard.js
FN:2,(anonymous_0)
FN:12,(anonymous_1)
FN:23,(anonymous_2)
FN:24,(anonymous_3)
FN:25,(anonymous_4)
FN:26,(anonymous_5)
FN:27,(anonymous_6)
FN:28,(anonymous_7)
FN:29,(anonymous_8)
FN:30,(anonymous_9)
FN:31,(anonymous_10)
FN:32,(anonymous_11)
FN:33,(anonymous_12)
FN:34,(anonymous_13)
FN:35,(anonymous_14)
FN:38,(anonymous_15)
FN:39,(anonymous_16)
FN:40,(anonymous_17)
FN:41,(anonymous_18)
FN:42,(anonymous_19)
FN:45,(anonymous_20)
FN:52,(anonymous_21)
FN:53,(anonymous_22)
FN:58,(anonymous_23)
FN:62,(anonymous_24)
FN:67,(anonymous_25)
FN:81,(anonymous_26)
FN:101,(anonymous_27)
FN:121,(anonymous_28)
FN:127,(anonymous_29)
FN:150,(anonymous_30)
FN:159,(anonymous_31)
FN:160,(anonymous_32)
FN:162,(anonymous_33)
FN:171,(anonymous_34)
FN:174,(anonymous_35)
FN:175,(anonymous_36)
FN:176,(anonymous_37)
FN:177,(anonymous_38)
FN:181,(anonymous_39)
FN:186,(anonymous_40)
FN:192,(anonymous_41)
FN:196,(anonymous_42)
FN:232,(anonymous_43)
FN:233,(anonymous_44)
FN:277,(anonymous_45)
FN:295,(anonymous_46)
FN:304,(anonymous_47)
FN:310,(anonymous_48)
FN:322,(anonymous_49)
FN:334,(anonymous_50)
FN:341,(anonymous_51)
FN:343,(anonymous_52)
FN:345,(anonymous_53)
FNF:54
FNH:38
FNDA:11,(anonymous_0)
FNDA:11,(anonymous_1)
FNDA:12,(anonymous_2)
FNDA:12,(anonymous_3)
FNDA:12,(anonymous_4)
FNDA:12,(anonymous_5)
FNDA:11,(anonymous_6)
FNDA:23,(anonymous_7)
FNDA:34,(anonymous_8)
FNDA:23,(anonymous_9)
FNDA:23,(anonymous_10)
FNDA:36,(anonymous_11)
FNDA:13,(anonymous_12)
FNDA:12,(anonymous_13)
FNDA:1,(anonymous_14)
FNDA:11,(anonymous_15)
FNDA:0,(anonymous_16)
FNDA:0,(anonymous_17)
FNDA:0,(anonymous_18)
FNDA:0,(anonymous_19)
FNDA:0,(anonymous_20)
FNDA:0,(anonymous_21)
FNDA:0,(anonymous_22)
FNDA:0,(anonymous_23)
FNDA:0,(anonymous_24)
FNDA:12,(anonymous_25)
FNDA:12,(anonymous_26)
FNDA:2,(anonymous_27)
FNDA:12,(anonymous_28)
FNDA:2,(anonymous_29)
FNDA:0,(anonymous_30)
FNDA:11,(anonymous_31)
FNDA:0,(anonymous_32)
FNDA:0,(anonymous_33)
FNDA:12,(anonymous_34)
FNDA:4,(anonymous_35)
FNDA:4,(anonymous_36)
FNDA:4,(anonymous_37)
FNDA:4,(anonymous_38)
FNDA:11,(anonymous_39)
FNDA:13,(anonymous_40)
FNDA:1,(anonymous_41)
FNDA:1,(anonymous_42)
FNDA:1,(anonymous_43)
FNDA:1,(anonymous_44)
FNDA:0,(anonymous_45)
FNDA:7,(anonymous_46)
FNDA:1,(anonymous_47)
FNDA:3,(anonymous_48)
FNDA:0,(anonymous_49)
FNDA:10,(anonymous_50)
FNDA:11,(anonymous_51)
FNDA:0,(anonymous_52)
FNDA:0,(anonymous_53)
DA:3,11
DA:4,11
DA:5,11
DA:6,11
DA:8,11
DA:13,11
DA:14,11
DA:15,11
DA:16,11
DA:17,11
DA:18,11
DA:19,11
DA:23,12
DA:24,12
DA:25,12
DA:26,12
DA:27,11
DA:28,23
DA:29,34
DA:30,23
DA:31,23
DA:32,36
DA:33,13
DA:34,12
DA:35,1
DA:39,11
DA:40,11
DA:41,11
DA:42,11
DA:45,11
DA:46,0
DA:47,0
DA:48,0
DA:49,0
DA:52,11
DA:53,11
DA:54,0
DA:59,0
DA:63,0
DA:68,12
DA:69,12
DA:70,1
DA:71,1
DA:73,11
DA:74,11
DA:75,0
DA:76,0
DA:78,11
DA:82,12
DA:83,12
DA:86,12
DA:89,12
DA:90,11
DA:91,11
DA:95,1
DA:96,1
DA:97,1
DA:98,1
DA:101,1
DA:102,2
DA:114,0
DA:115,0
DA:116,0
DA:122,12
DA:123,12
DA:124,12
DA:125,12
DA:127,12
DA:128,2
DA:129,1
DA:131,1
DA:132,0
DA:133,0
DA:134,0
DA:136,0
DA:137,0
DA:138,0
DA:139,0
DA:142,1
DA:143,0
DA:144,0
DA:147,1
DA:150,12
DA:151,0
DA:152,0
DA:153,0
DA:156,12
DA:160,11
DA:161,11
DA:162,11
DA:163,0
DA:164,0
DA:165,0
DA:166,0
DA:172,12
DA:174,12
DA:175,12
DA:176,12
DA:177,12
DA:182,11
DA:183,11
DA:187,13
DA:188,12
DA:189,12
DA:191,1
DA:192,1
DA:197,1
DA:198,1
DA:199,1
DA:201,1
DA:233,1
DA:234,1
DA:236,1
DA:240,1
DA:242,1
DA:273,1
DA:278,0
DA:279,0
DA:280,0
DA:281,0
DA:282,0
DA:283,0
DA:284,0
DA:286,0
DA:289,0
DA:296,7
DA:297,6
DA:298,6
DA:299,6
DA:300,6
DA:301,6
DA:305,1
DA:306,1
DA:307,1
DA:311,3
DA:312,3
DA:313,3
DA:314,3
DA:315,3
DA:316,3
DA:317,3
DA:318,3
DA:319,3
DA:323,0
DA:324,0
DA:325,0
DA:326,0
DA:327,0
DA:328,0
DA:329,0
DA:330,0
DA:331,0
DA:335,10
DA:336,7
DA:337,7
DA:338,7
DA:343,11
DA:344,0
DA:345,0
DA:351,1
DA:352,0
DA:353,0
DA:355,1
LF:163
LH:113
BRDA:54,0,0,0
BRDA:54,0,1,0
BRDA:69,1,0,1
BRDA:69,1,1,11
BRDA:74,2,0,0
BRDA:74,2,1,11
BRDA:86,3,0,12
BRDA:86,3,1,11
BRDA:89,4,0,11
BRDA:89,4,1,1
BRDA:89,5,0,12
BRDA:89,5,1,1
BRDA:108,6,0,0
BRDA:108,6,1,2
BRDA:109,7,0,2
BRDA:109,7,1,0
BRDA:110,8,0,2
BRDA:110,8,1,0
BRDA:128,9,0,1
BRDA:128,9,1,1
BRDA:128,10,0,2
BRDA:128,10,1,2
BRDA:129,11,0,0
BRDA:129,11,1,1
BRDA:129,12,0,1
BRDA:129,12,1,0
BRDA:131,13,0,0
BRDA:131,13,1,1
BRDA:136,14,0,0
BRDA:136,14,1,0
BRDA:136,15,0,0
BRDA:136,15,1,0
BRDA:137,16,0,0
BRDA:137,16,1,0
BRDA:137,17,0,0
BRDA:137,17,1,0
BRDA:138,18,0,0
BRDA:138,18,1,0
BRDA:138,19,0,0
BRDA:138,19,1,0
BRDA:139,20,0,0
BRDA:139,20,1,0
BRDA:139,21,0,0
BRDA:139,21,1,0
BRDA:142,22,0,0
BRDA:142,22,1,1
BRDA:143,23,0,0
BRDA:143,23,1,0
BRDA:143,24,0,0
BRDA:143,24,1,0
BRDA:143,25,0,0
BRDA:143,25,1,0
BRDA:144,26,0,0
BRDA:144,26,1,0
BRDA:174,27,0,4
BRDA:174,27,1,3
BRDA:175,28,0,4
BRDA:175,28,1,3
BRDA:175,28,2,1
BRDA:187,29,0,12
BRDA:187,29,1,1
BRDA:199,30,0,1
BRDA:199,30,1,1
BRDA:205,31,0,1
BRDA:205,31,1,1
BRDA:208,32,0,1
BRDA:208,32,1,0
BRDA:211,33,0,1
BRDA:211,33,1,1
BRDA:215,34,0,1
BRDA:215,34,1,0
BRDA:220,35,0,0
BRDA:220,35,1,1
BRDA:234,36,0,0
BRDA:234,36,1,1
BRDA:240,37,0,1
BRDA:240,37,1,1
BRDA:245,38,0,1
BRDA:245,38,1,0
BRDA:249,39,0,1
BRDA:249,39,1,0
BRDA:257,40,0,1
BRDA:257,40,1,1
BRDA:261,41,0,1
BRDA:261,41,1,0
BRDA:278,42,0,0
BRDA:278,42,1,0
BRDA:281,43,0,0
BRDA:281,43,1,0
BRDA:296,44,0,1
BRDA:296,44,1,6
BRDA:299,45,0,3
BRDA:299,45,1,3
BRDA:300,46,0,2
BRDA:300,46,1,4
BRDA:300,47,0,1
BRDA:300,47,1,3
BRDA:311,48,0,0
BRDA:311,48,1,3
BRDA:319,49,0,3
BRDA:319,49,1,2
BRDA:323,50,0,0
BRDA:323,50,1,0
BRDA:331,51,0,0
BRDA:331,51,1,0
BRDA:335,52,0,3
BRDA:335,52,1,7
BRDA:351,53,0,0
BRDA:351,53,1,1
BRF:109
BRH:58
end_of_record
TN:
SF:public\js\students-joining-testable.js
FN:2,(anonymous_0)
FN:12,(anonymous_1)
FN:21,(anonymous_2)
FN:22,(anonymous_3)
FN:23,(anonymous_4)
FN:24,(anonymous_5)
FN:26,(anonymous_6)
FN:27,(anonymous_7)
FN:32,(anonymous_8)
FN:33,(anonymous_9)
FN:36,(anonymous_10)
FN:47,(anonymous_11)
FN:51,(anonymous_12)
FN:54,(anonymous_13)
FN:58,(anonymous_14)
FN:67,(anonymous_15)
FN:71,(anonymous_16)
FN:72,(anonymous_17)
FN:74,(anonymous_18)
FN:82,(anonymous_19)
FN:88,(anonymous_20)
FN:92,(anonymous_21)
FN:117,(anonymous_22)
FN:118,(anonymous_23)
FN:134,(anonymous_24)
FN:139,(anonymous_25)
FN:161,(anonymous_26)
FN:167,(anonymous_27)
FN:169,(anonymous_28)
FN:171,(anonymous_29)
FNF:30
FNH:25
FNDA:3,(anonymous_0)
FNDA:3,(anonymous_1)
FNDA:7,(anonymous_2)
FNDA:7,(anonymous_3)
FNDA:16,(anonymous_4)
FNDA:7,(anonymous_5)
FNDA:3,(anonymous_6)
FNDA:0,(anonymous_7)
FNDA:0,(anonymous_8)
FNDA:0,(anonymous_9)
FNDA:3,(anonymous_10)
FNDA:6,(anonymous_11)
FNDA:12,(anonymous_12)
FNDA:4,(anonymous_13)
FNDA:8,(anonymous_14)
FNDA:4,(anonymous_15)
FNDA:3,(anonymous_16)
FNDA:6,(anonymous_17)
FNDA:6,(anonymous_18)
FNDA:7,(anonymous_19)
FNDA:8,(anonymous_20)
FNDA:8,(anonymous_21)
FNDA:8,(anonymous_22)
FNDA:8,(anonymous_23)
FNDA:4,(anonymous_24)
FNDA:4,(anonymous_25)
FNDA:40,(anonymous_26)
FNDA:3,(anonymous_27)
FNDA:0,(anonymous_28)
FNDA:0,(anonymous_29)
DA:3,3
DA:4,3
DA:5,3
DA:6,3
DA:7,3
DA:9,3
DA:13,3
DA:14,3
DA:15,3
DA:16,3
DA:17,3
DA:21,7
DA:22,7
DA:23,16
DA:24,7
DA:27,3
DA:28,0
DA:29,0
DA:30,0
DA:32,3
DA:33,3
DA:37,3
DA:38,3
DA:39,3
DA:41,0
DA:42,0
DA:43,0
DA:48,6
DA:49,6
DA:51,12
DA:55,4
DA:56,4
DA:58,4
DA:59,8
DA:60,8
DA:61,0
DA:62,0
DA:64,8
DA:67,4
DA:68,4
DA:72,6
DA:73,3
DA:74,3
DA:75,6
DA:76,6
DA:77,6
DA:78,6
DA:83,7
DA:84,3
DA:85,3
DA:87,4
DA:88,8
DA:93,8
DA:94,8
DA:95,8
DA:96,8
DA:97,8
DA:100,8
DA:102,8
DA:118,8
DA:135,4
DA:136,4
DA:137,4
DA:139,4
DA:140,4
DA:142,4
DA:143,0
DA:144,0
DA:148,4
DA:150,4
DA:151,1
DA:152,1
DA:155,3
DA:156,3
DA:157,3
DA:158,3
DA:162,40
DA:163,40
DA:164,40
DA:169,3
DA:170,0
DA:171,0
DA:179,1
LF:83
LH:71
BRDA:38,0,0,3
BRDA:38,0,1,0
BRDA:42,1,0,0
BRDA:42,1,1,0
BRDA:49,2,0,6
BRDA:49,2,1,0
BRDA:51,3,0,12
BRDA:51,3,1,6
BRDA:59,4,0,0
BRDA:59,4,1,8
BRDA:59,5,0,8
BRDA:59,5,1,0
BRDA:60,6,0,0
BRDA:60,6,1,8
BRDA:62,7,0,0
BRDA:62,7,1,0
BRDA:83,8,0,3
BRDA:83,8,1,4
BRDA:96,9,0,8
BRDA:96,9,1,0
BRDA:100,10,0,8
BRDA:100,10,1,8
BRDA:111,11,0,8
BRDA:111,11,1,0
BRDA:114,12,0,8
BRDA:114,12,1,0
BRDA:120,13,0,0
BRDA:120,13,1,8
BRDA:125,14,0,4
BRDA:125,14,1,4
BRDA:136,15,0,0
BRDA:136,15,1,4
BRDA:140,16,0,0
BRDA:140,16,1,4
BRDA:142,17,0,0
BRDA:142,17,1,4
BRDA:142,18,0,4
BRDA:142,18,1,4
BRDA:148,19,0,0
BRDA:148,19,1,4
BRDA:150,20,0,1
BRDA:150,20,1,3
BRDA:163,21,0,40
BRDA:163,21,1,0
BRF:44
BRH:26
end_of_record
TN:
SF:src\app.js
FN:13,(anonymous_0)
FN:27,(anonymous_1)
FN:65,(anonymous_2)
FNF:3
FNH:1
FNDA:0,(anonymous_0)
FNDA:3,(anonymous_1)
FNDA:0,(anonymous_2)
DA:1,2
DA:2,2
DA:3,2
DA:4,2
DA:5,2
DA:6,2
DA:7,2
DA:10,2
DA:13,2
DA:14,0
DA:17,2
DA:19,2
DA:20,2
DA:22,2
DA:24,2
DA:27,2
DA:28,3
DA:29,3
DA:32,3
DA:33,1
DA:37,2
DA:38,2
DA:39,1
DA:43,1
DA:45,1
DA:54,1
DA:56,1
DA:57,1
DA:59,0
DA:60,0
DA:65,2
DA:66,0
DA:67,0
DA:70,0
DA:73,0
DA:74,0
DA:78,0
DA:80,0
DA:81,0
DA:84,0
DA:90,0
DA:94,2
LF:42
LH:29
BRDA:32,0,0,1
BRDA:32,0,1,2
BRDA:32,1,0,3
BRDA:32,1,1,3
BRDA:32,1,2,2
BRDA:38,2,0,1
BRDA:38,2,1,1
BRDA:73,3,0,0
BRDA:73,3,1,0
BRDA:80,4,0,0
BRDA:80,4,1,0
BRF:11
BRH:7
end_of_record
TN:
SF:src\server.js
FN:16,(anonymous_0)
FN:17,(anonymous_1)
FN:21,(anonymous_2)
FNF:3
FNH:0
FNDA:0,(anonymous_0)
FNDA:0,(anonymous_1)
FNDA:0,(anonymous_2)
DA:1,1
DA:2,1
DA:5,1
DA:8,1
DA:9,1
DA:11,1
DA:14,1
DA:15,0
DA:17,0
DA:18,0
DA:22,0
DA:26,1
LF:12
LH:8
BRDA:11,0,0,1
BRDA:11,0,1,0
BRDA:14,1,0,0
BRDA:14,1,1,1
BRF:4
BRH:2
end_of_record
TN:
SF:src\config\db.js
FN:3,(anonymous_0)
FNF:1
FNH:0
FNDA:0,(anonymous_0)
DA:1,1
DA:3,1
DA:4,0
DA:6,0
DA:8,0
DA:10,0
DA:12,0
DA:16,1
LF:8
LH:3
BRF:0
BRH:0
end_of_record
TN:
SF:src\middleware\booking-validator.js
FN:1,(anonymous_0)
FNF:1
FNH:1
FNDA:4,(anonymous_0)
DA:1,3
DA:2,4
DA:4,4
DA:6,4
DA:7,1
DA:13,3
DA:15,3
DA:16,1
DA:22,2
DA:23,2
DA:25,2
DA:26,0
DA:32,2
DA:33,1
DA:40,1
DA:41,1
DA:43,1
DA:44,1
DA:51,0
DA:53,0
DA:57,0
DA:60,0
DA:61,0
DA:68,3
LF:24
LH:18
BRDA:6,0,0,1
BRDA:6,0,1,3
BRDA:6,1,0,4
BRDA:6,1,1,4
BRDA:6,1,2,3
BRDA:15,2,0,1
BRDA:15,2,1,2
BRDA:15,3,0,3
BRDA:15,3,1,2
BRDA:25,4,0,0
BRDA:25,4,1,2
BRDA:25,5,0,2
BRDA:25,5,1,2
BRDA:32,6,0,1
BRDA:32,6,1,1
BRDA:43,7,0,1
BRDA:43,7,1,0
BRDA:51,8,0,0
BRDA:51,8,1,0
BRF:19
BRH:15
end_of_record
TN:
SF:src\models\Availability.js
FNF:0
FNH:0
DA:1,3
DA:3,3
DA:8,3
DA:13,3
DA:20,3
LF:5
LH:5
BRF:0
BRH:0
end_of_record
TN:
SF:src\models\booking.js
FNF:0
FNH:0
DA:1,3
DA:3,3
DA:39,3
DA:40,3
LF:4
LH:4
BRF:0
BRH:0
end_of_record
TN:
SF:src\models\user.js
FNF:0
FNH:0
DA:1,2
DA:3,2
DA:42,2
LF:3
LH:3
BRF:0
BRH:0
end_of_record
TN:
SF:src\routes\bookings.js
FN:9,(anonymous_0)
FN:25,(anonymous_1)
FN:37,(anonymous_2)
FN:48,(anonymous_3)
FN:62,(anonymous_4)
FN:85,(anonymous_5)
FN:105,(anonymous_6)
FNF:7
FNH:4
FNDA:0,(anonymous_0)
FNDA:1,(anonymous_1)
FNDA:1,(anonymous_2)
FNDA:1,(anonymous_3)
FNDA:1,(anonymous_4)
FNDA:0,(anonymous_5)
FNDA:0,(anonymous_6)
DA:2,3
DA:3,3
DA:6,3
DA:9,3
DA:14,0
DA:21,3
DA:22,3
DA:25,3
DA:26,1
DA:27,1
DA:28,1
DA:29,1
DA:31,1
DA:33,1
DA:34,0
DA:37,1
DA:39,1
DA:40,0
DA:43,1
DA:48,1
DA:50,1
DA:56,0
DA:57,0
DA:62,3
DA:63,1
DA:65,1
DA:76,1
DA:77,1
DA:79,0
DA:80,0
DA:85,3
DA:86,0
DA:87,0
DA:89,0
DA:90,0
DA:94,0
DA:97,0
DA:99,0
DA:100,0
DA:105,3
DA:106,0
DA:108,0
DA:109,0
DA:111,0
DA:112,0
DA:116,3
LF:46
LH:26
BRDA:33,0,0,0
BRDA:33,0,1,1
BRDA:39,1,0,0
BRDA:39,1,1,1
BRDA:39,2,0,1
BRDA:39,2,1,1
BRDA:89,3,0,0
BRDA:89,3,1,0
BRF:8
BRH:4
end_of_record
